6.925897002220153809e-01
5.781136155128479004e-01
9.716399908065795898e-01
6.874713897705078125e-01
6.719725728034973145e-01
6.570070981979370117e-01
6.559605598449707031e-01
7.152079343795776367e-01
6.020162105560302734e-01
6.364840269088745117e-01
5.486753582954406738e-01
8.159255981445312500e-01
5.802897214889526367e-01
5.185511708259582520e-01
5.426555871963500977e-01
6.023341417312622070e-01
4.229100644588470459e-01
6.330306529998779297e-01
4.656836986541748047e-01
4.905398786067962646e-01
4.260201156139373779e-01
3.974440097808837891e-01
5.031707286834716797e-01
5.065941810607910156e-01
4.242743551731109619e-01
4.152363240718841553e-01
5.027765631675720215e-01
3.135865330696105957e-01
5.921289324760437012e-01
4.347341358661651611e-01
2.582480311393737793e-01
3.155617713928222656e-01
3.626045584678649902e-01
3.022511303424835205e-01
2.503760457038879395e-01
3.160191178321838379e-01
1.650871932506561279e-01
3.964692354202270508e-01
3.110151886940002441e-01
4.486309885978698730e-01
2.726230025291442871e-01
3.570297956466674805e-01
2.900346815586090088e-01
1.906184256076812744e-01
3.674154579639434814e-01
3.891088366508483887e-01
1.750353276729583740e-01
2.852793931961059570e-01
1.358581185340881348e-01
5.940493345260620117e-01
1.266565173864364624e-01
2.239082455635070801e-01
4.492645859718322754e-01
1.901252865791320801e-01
2.613549828529357910e-01
2.008547931909561157e-01
2.013084292411804199e-01
2.522241473197937012e-01
3.275731205940246582e-01
1.995137035846710205e-01
4.051414728164672852e-01
4.511656761169433594e-01
2.328703701496124268e-01
2.690614163875579834e-01
2.289481759071350098e-01
1.449399590492248535e-01
3.621808886528015137e-01
1.394713819026947021e-01
3.790236711502075195e-01
2.375392317771911621e-01
1.524891704320907593e-01
2.255738526582717896e-01
1.611762940883636475e-01
5.465439558029174805e-01
2.037818431854248047e-01
4.689798951148986816e-01
5.199559330940246582e-01
2.746703922748565674e-01
2.706962823867797852e-01
2.802628278732299805e-01
2.161681056022644043e-01
2.332032322883605957e-01
3.929898142814636230e-01
3.900419771671295166e-01
3.823955655097961426e-01
2.421546131372451782e-01
3.178889155387878418e-01
2.865799665451049805e-01
1.971628069877624512e-01
2.770341038703918457e-01
3.953079283237457275e-01
1.905027478933334351e-01
4.040920138359069824e-01
1.488743275403976440e-01
1.670742332935333252e-01
3.297402262687683105e-01
1.492033451795578003e-01
3.425342440605163574e-01
1.678943932056427002e-01
3.522376418113708496e-01
1.039733961224555969e-01
1.242777258157730103e-01
9.228479862213134766e-02
2.587688565254211426e-01
1.514281928539276123e-01
2.302687019109725952e-01
7.953155040740966797e-02
1.449511945247650146e-01
1.925039738416671753e-01
2.017612457275390625e-01
1.816679686307907104e-01
4.194411337375640869e-01
1.248914599418640137e-01
3.560854792594909668e-01
2.236395031213760376e-01
3.323655724525451660e-01
2.562655508518218994e-01
2.665040493011474609e-01
1.479755640029907227e-01
3.444825485348701477e-02
5.641502141952514648e-02
1.335488557815551758e-01
7.412510365247726440e-02
1.017898693680763245e-01
6.731539219617843628e-02
4.443915188312530518e-02
2.915292419493198395e-02
2.461878061294555664e-01
1.427669823169708252e-01
1.644804924726486206e-01
2.049782872200012207e-02
1.198423057794570923e-01
1.709992289543151855e-01
8.759299293160438538e-03
8.472947776317596436e-02
2.728241980075836182e-01
9.048384428024291992e-02
9.268077090382575989e-03
3.900905326008796692e-02
2.791734226047992706e-02
1.618063151836395264e-01
1.314138434827327728e-02
2.040230482816696167e-02
5.743518471717834473e-02
9.405527263879776001e-02
1.396561264991760254e-01
2.476872131228446960e-02
4.626666381955146790e-02
1.018085926771163940e-01
6.349550932645797729e-02
5.456237494945526123e-02
4.820009320974349976e-02
3.046596981585025787e-02
6.441168487071990967e-02
2.202202379703521729e-02
5.932726338505744934e-02
2.622853592038154602e-02
1.762326806783676147e-02
8.170585334300994873e-02
3.774033114314079285e-02
7.021730393171310425e-02
6.561546772718429565e-02
4.850528761744499207e-02
4.034288227558135986e-02
2.472826465964317322e-02
1.295296661555767059e-02
2.948284149169921875e-03
1.329241245985031128e-01
2.741013765335083008e-01
4.795750603079795837e-02
4.894850030541419983e-02
4.175550043582916260e-01
2.375584095716476440e-01
8.740601688623428345e-02
7.032507099211215973e-03
4.180212318897247314e-02
5.760999023914337158e-02
8.351489901542663574e-03
1.725541502237319946e-01
9.172330051660537720e-02
4.848495125770568848e-02
5.097061023116111755e-02
9.480356425046920776e-02
3.881176561117172241e-02
1.108565479516983032e-01
8.272763341665267944e-02
1.020027622580528259e-01
4.627572745084762573e-02
2.351520359516143799e-01
5.342990159988403320e-02
4.393701255321502686e-02
1.871925443410873413e-01
1.610026881098747253e-02
2.183721587061882019e-02
1.605909764766693115e-01
3.105995804071426392e-02
6.586398929357528687e-02
6.384178996086120605e-02
1.366551965475082397e-01
5.048814415931701660e-02
1.783409565687179565e-01
3.303566575050354004e-02
3.544598072767257690e-02
8.228211104869842529e-02
1.486923918128013611e-02
1.024034060537815094e-02
1.053771376609802246e-02
4.453913122415542603e-02
3.971845656633377075e-02
6.669382750988006592e-02
4.462712258100509644e-02
7.777614891529083252e-02
1.429298520088195801e-02
1.479320228099822998e-01
8.250383660197257996e-03
1.368863601237535477e-02
1.832622885704040527e-01
9.408696740865707397e-02
1.939472928643226624e-02
5.544051527976989746e-03
7.727711647748947144e-02
1.783096194267272949e-01
1.252486743032932281e-02
1.150165796279907227e-01
7.468792796134948730e-02
1.052963361144065857e-02
1.644352823495864868e-02
6.746880710124969482e-03
1.007726043462753296e-01
6.399688124656677246e-02
7.943109609186649323e-03
2.409969642758369446e-02
5.824882537126541138e-02
3.569968938827514648e-01
3.195553272962570190e-02
5.007458478212356567e-02
4.241249710321426392e-02
3.475202247500419617e-02
3.940148744732141495e-03
3.923591692000627518e-03
5.962940864264965057e-03
5.513167008757591248e-03
5.750621668994426727e-03
6.345252506434917450e-03
1.853838749229907990e-02
3.197218291461467743e-03
1.370806992053985596e-02
1.063511148095130920e-02
1.041065528988838196e-02
5.171173252165317535e-03
1.374798477627336979e-03
1.481592771597206593e-03
2.119846176356077194e-03
1.128617301583290100e-02
1.581687480211257935e-03
2.325898036360740662e-02
8.531652390956878662e-02
1.353817805647850037e-02
1.153961056843400002e-03
1.701316097751259804e-03
1.707876217551529408e-03
1.345620839856564999e-03
6.789407134056091309e-02
4.927545785903930664e-03
1.079984847456216812e-02
4.176001995801925659e-03
2.334722783416509628e-03
7.016802579164505005e-02
6.001581437885761261e-03
2.217387314885854721e-03
3.189798444509506226e-03
4.288557451218366623e-03
1.320164501667022705e-01
5.464375950396060944e-03
1.733084768056869507e-02
1.754138991236686707e-02
4.150198772549629211e-03
3.017065860331058502e-02
2.786274533718824387e-03
2.152005024254322052e-02
2.298976527526974678e-03
4.039764404296875000e-02
2.820558380335569382e-03
2.295220736414194107e-03
3.165311180055141449e-03
1.662570517510175705e-03
2.399469725787639618e-03
1.901959776878356934e-01
2.317894715815782547e-03
5.551685579121112823e-03
1.473850198090076447e-02
3.249050118029117584e-03
7.835047319531440735e-03
1.633353717625141144e-02
2.453172812238335609e-03
2.708404557779431343e-03
2.473141299560666084e-03
5.608916282653808594e-03
8.447969332337379456e-03
2.190676517784595490e-03
4.292356595396995544e-02
2.440176904201507568e-03
8.389530703425407410e-03
9.303980506956577301e-03
6.513430736958980560e-03
2.334739314392209053e-03
2.974556200206279755e-02
8.350061625242233276e-02
1.128574647009372711e-02
3.392107319086790085e-03
8.442610851489007473e-04
2.742300275713205338e-03
3.081600647419691086e-03
1.122080162167549133e-02
3.640416776761412621e-03
1.802704762667417526e-03
4.379537422209978104e-03
4.680829122662544250e-02
1.064378535374999046e-03
1.383268507197499275e-03
1.713490230031311512e-03
2.382642216980457306e-02
1.796417287550866604e-03
1.819371595047414303e-03
1.543230609968304634e-03
1.520043588243424892e-03
3.554039169102907181e-03
3.103974834084510803e-02
1.684030890464782715e-02
9.687338024377822876e-04
5.363107658922672272e-03
2.053067320957779884e-03
7.653800398111343384e-02
4.779215529561042786e-02
7.549845613539218903e-04
1.555917561054229736e-01
1.959830056875944138e-03
4.684449639171361923e-03
1.186039065942168236e-03
2.230660524219274521e-03
2.254616236314177513e-03
1.646287739276885986e-03
4.521877039223909378e-03
1.054892595857381821e-02
2.480385825037956238e-03
8.215579204261302948e-03
1.003938610665500164e-03
9.692828170955181122e-03
2.158118225634098053e-02
1.998471096158027649e-03
1.522194407880306244e-02
1.154761528596282005e-03
1.409481838345527649e-02
2.349484246224164963e-03
9.202444925904273987e-03
2.692731469869613647e-02
1.790865673683583736e-03
4.757152637466788292e-04
7.085207616910338402e-04
7.563247345387935638e-04
6.237082998268306255e-04
1.351190265268087387e-03
8.179434225894510746e-04
9.744730778038501740e-04
1.603087992407381535e-03
4.041581973433494568e-02
1.910884305834770203e-02
7.047728286124765873e-04
6.159372162073850632e-03
2.765161683782935143e-03
5.091916536912322044e-04
3.887301718350499868e-04
6.654333556070923805e-04
7.964428514242172241e-04
5.920879775658249855e-04
6.276828935369849205e-04
5.065457080490887165e-04
5.145771428942680359e-04
6.143524078652262688e-04
3.207421861588954926e-03
4.062808002345263958e-04
2.900868712458759546e-04
3.290347522124648094e-04
4.729026986751705408e-04
8.841768722049891949e-04
3.361692070029675961e-04
5.151469958946108818e-04
6.652320735156536102e-04
2.714012516662478447e-04
1.573715358972549438e-02
5.061443080194294453e-04
1.000149082392454147e-02
3.351872786879539490e-02
3.150005650240927935e-04
3.270433284342288971e-03
1.320329494774341583e-03
3.526841290295124054e-03
2.782332303468137980e-04
6.556165171787142754e-04
4.490260616876184940e-04
3.538957680575549603e-04
3.496570570860058069e-04
5.077347741462290287e-04
3.685470437631011009e-04
5.682980408892035484e-04
4.843033675570040941e-04
1.819065073505043983e-03
1.922853844007477164e-04
3.423955640755593777e-04
4.814087587874382734e-04
5.220663151703774929e-04
6.179530173540115356e-04
1.847809297032654285e-03
1.450033974833786488e-03
1.295243948698043823e-02
4.130451474338769913e-03
2.914730866905301809e-04
2.069970360025763512e-04
2.948687470052391291e-04
1.379683817503973842e-04
2.098007680615410209e-04
5.143753369338810444e-04
2.462183535099029541e-01
1.008291146717965603e-03
4.890502896159887314e-04
2.964905835688114166e-02
2.190908417105674744e-04
2.377919445279985666e-04
6.274828221648931503e-03
7.801156956702470779e-03
8.325520902872085571e-03
8.147845510393381119e-04
8.676960133016109467e-04
7.875841110944747925e-04
2.844025613740086555e-03
1.075044157914817333e-03
4.139520169701427221e-04
2.246428979560732841e-03
1.024112105369567871e-03
7.893524598330259323e-04
4.580000240821391344e-04
4.020369960926473141e-04
5.546802422031760216e-04
8.228981168940663338e-04
4.032025753986090422e-04
6.412096787244081497e-03
6.743322592228651047e-04
5.233887350186705589e-04
3.625596407800912857e-03
2.949211746454238892e-03
2.800015918910503387e-02
3.673641476780176163e-04
5.023802630603313446e-03
7.768499851226806641e-02
2.094759605824947357e-02
9.690675651654601097e-04
1.206292072311043739e-03
5.717727472074329853e-04
7.783943321555852890e-03
2.502344781532883644e-03
5.735492333769798279e-03
1.071547507308423519e-03
2.673992887139320374e-02
2.108808839693665504e-03
3.293338522780686617e-04
2.984027960337698460e-04
3.519442165270447731e-03
5.273623391985893250e-04
1.396958134137094021e-03
1.388903707265853882e-03
5.309093976393342018e-04
8.422098471783101559e-04
3.789382171817123890e-04
3.048923099413514137e-04
4.682133439928293228e-04
4.118591605219990015e-04
6.467119674198329449e-04
5.350503488443791866e-04
4.700729041360318661e-04
9.896504925563931465e-04
5.634073750115931034e-04
2.969421911984682083e-04
5.225719069130718708e-04
3.346087760291993618e-04
3.178972518071532249e-03
8.093359647318720818e-04
3.244627732783555984e-04
1.470916206017136574e-03
1.949070720002055168e-04
5.731250275857746601e-04
1.165292342193424702e-03
2.478737151250243187e-04
2.251052937936037779e-04
2.691916190087795258e-03
1.929679419845342636e-04
1.015652786009013653e-03
1.621120900381356478e-04
7.941934163682162762e-04
6.430397741496562958e-03
3.908115322701632977e-04
7.085759425535798073e-04
1.747472560964524746e-04
1.789414964150637388e-04
8.255225839093327522e-04
3.725314163602888584e-04
2.338685444556176662e-04
1.921096118167042732e-04
1.582602970302104950e-03
7.710097124800086021e-04
2.349896123632788658e-03
1.974659389816224575e-04
1.856384042184799910e-04
2.056618686765432358e-04
1.607460435479879379e-04
1.600516698090359569e-04
1.372285769321024418e-04
4.827741067856550217e-04
1.677759864833205938e-04
3.425565373618155718e-04
4.686798783950507641e-04
2.351466828258708119e-04
4.676403477787971497e-04
2.353964082431048155e-04
6.248533027246594429e-04
1.557335781399160624e-04
3.299071977380663157e-04
1.862471224740147591e-03
7.482928922399878502e-04
2.751258015632629395e-02
1.731640804791823030e-04
1.586598576977849007e-03
6.803032010793685913e-04
4.955706535838544369e-04
5.830911686643958092e-04
3.909433726221323013e-03
1.438265666365623474e-02
3.880215808749198914e-03
6.588206160813570023e-04
1.643374860286712646e-01
9.829732589423656464e-03
3.295004134997725487e-04
2.578853163868188858e-04
2.209481317549943924e-04
2.294558659195899963e-02
6.097148288972675800e-04
3.560252254828810692e-03
5.938779795542359352e-04
1.831186527851969004e-04
6.511594401672482491e-04
2.141870558261871338e-03
1.567066065035760403e-03
1.200633705593645573e-03
2.324131783097982407e-03
5.902631673961877823e-04
3.545745089650154114e-02
2.319536358118057251e-02
2.783472591545432806e-04
5.932821659371256828e-04
2.427361905574798584e-04
1.310916966758668423e-03
2.530750934965908527e-04
2.124079328496009111e-04
5.690892576240003109e-04
1.348792202770709991e-02
3.237993514630943537e-04
3.922705072909593582e-04
3.545046783983707428e-04
4.646461922675371170e-03
5.039196694269776344e-04
1.317728962749242783e-02
7.357645034790039062e-02
4.570298478938639164e-04
2.770698862150311470e-03
1.304837642237544060e-03
1.383918686769902706e-03
4.389666952192783356e-03
1.626771688461303711e-02
3.709088545292615891e-03
1.771869021467864513e-03
2.782021882012486458e-03
2.527525357436388731e-04
4.070631111972033978e-04
2.617113932501524687e-04
4.210049519315361977e-04
1.432823017239570618e-03
7.244272856041789055e-04
5.646879435516893864e-04
2.708997053559869528e-04
4.022057983092963696e-04
1.372492988593876362e-03
8.960088016465306282e-04
3.384491428732872009e-04
4.081559309270232916e-04
6.608427967876195908e-03
1.579978998051956296e-04
3.474848577752709389e-03
1.268552243709564209e-02
1.640369446249678731e-04
5.522891879081726074e-04
2.206019707955420017e-04
3.253925242461264133e-04
2.706384984776377678e-04
3.849618951790034771e-04
1.185514731332659721e-03
2.693218120839446783e-04
2.338519552722573280e-04
1.894383924081921577e-03
2.837048959918320179e-04
3.390472265891730785e-04
4.008499381598085165e-04
3.118565364275127649e-04
1.380464382236823440e-04
2.971605863422155380e-04
2.459204697515815496e-04
2.826522104442119598e-04
6.093758624047040939e-03
2.487353049218654633e-04
2.928104950115084648e-04
1.866137317847460508e-04
1.280138676520437002e-04
1.794522540876641870e-04
5.527401342988014221e-03
4.335413686931133270e-04
1.232005888596177101e-04
2.091355563607066870e-04
1.445170491933822632e-04
3.964870702475309372e-04
1.578685332788154483e-04
3.080831083934754133e-04
3.635592001955956221e-04
7.023842190392315388e-04
3.549900837242603302e-03
1.726604241412132978e-04
4.090060829184949398e-04
2.256537554785609245e-04
1.825664949137717485e-04
1.425541238859295845e-03
2.267480012960731983e-04
1.899622002383694053e-04
1.795447460608556867e-04
5.304711521603167057e-04
1.267275074496865273e-04
4.833076964132487774e-04
6.327837472781538963e-04
1.806924701668322086e-04
4.565267008729279041e-04
2.556392573751509190e-04
2.176512032747268677e-02
1.989121665246784687e-04
6.573839345946907997e-04
2.195015840698033571e-04
2.197325811721384525e-04
2.248692035209387541e-04
1.405635994160547853e-04
1.566218707012012601e-04
4.335154220461845398e-02
2.424138219794258475e-04
1.927186094690114260e-04
1.041617797454819083e-04
3.769614559132605791e-04
1.003397512249648571e-03
4.093082970939576626e-04
3.692791506182402372e-04
6.671688752248883247e-04
9.064530022442340851e-04
5.131229409016668797e-04
1.447273651137948036e-03
1.241019461303949356e-03
6.802756106480956078e-04
2.473597880452871323e-03
1.118026822805404663e-01
8.375063771381974220e-04
4.198813112452626228e-04
1.191694405861198902e-03
1.225496758706867695e-03
4.930929280817508698e-04
1.150703709572553635e-02
1.082796254195272923e-03
1.613980159163475037e-03
1.733664050698280334e-02
2.279382664710283279e-03
1.405472983606159687e-03
5.896695074625313282e-04
5.301330238580703735e-04
4.943978274241089821e-04
3.802011196967214346e-04
3.596486058086156845e-04
1.088160462677478790e-02
8.400564547628164291e-04
9.496759157627820969e-04
6.147354375571012497e-03
2.942217979580163956e-03
7.703905575908720493e-04
4.541593370959162712e-04
4.198624810669571161e-04
9.819600963965058327e-04
1.402925234287977219e-02
3.069202066399157047e-04
6.535884458571672440e-04
3.309837193228304386e-04
4.243534058332443237e-03
2.538679691497236490e-04
1.599579118192195892e-03
2.594836405478417873e-04
2.890093892347067595e-04
3.645345102995634079e-03
2.510329941287636757e-03
3.213194140698760748e-04
3.414709353819489479e-04
6.502387113869190216e-04
1.224854029715061188e-03
7.065508980304002762e-04
2.882005064748227596e-04
5.065575242042541504e-02
1.138399093179032207e-04
4.543161019682884216e-03
1.422739878762513399e-04
5.556530668400228024e-04
1.165438297903165221e-04
2.650172682479023933e-04
2.186283381888642907e-04
8.569625206291675568e-04
6.228438578546047211e-04
5.786850233562290668e-04
1.656377426115795970e-04
4.086285480298101902e-04
4.147936997469514608e-04
8.953134529292583466e-04
1.503803214291110635e-04
3.992815618403255939e-04
5.065216682851314545e-04
2.404194092378020287e-04
1.456372265238314867e-04
2.145638864021748304e-04
3.355796216055750847e-04
3.486637724563479424e-04
3.814254887402057648e-04
5.718813044950366020e-04
4.144723643548786640e-04
3.441520384512841702e-04
5.276238080114126205e-04
2.288702380610629916e-04
2.110824454575777054e-03
2.709688851609826088e-04
1.208849251270294189e-03
9.585691150277853012e-04
1.304211909882724285e-04
6.077964208088815212e-04
1.946786651387810707e-04
1.999426749534904957e-04
3.007981867995113134e-04
2.000750100705772638e-04
1.551569439470767975e-04
1.213093986734747887e-03
2.194455883000046015e-04
2.125351311406120658e-04
2.263021841645240784e-02
1.681408612057566643e-04
2.843618276529014111e-04
2.420738746877759695e-04
2.468420716468244791e-04
2.208410878665745258e-04
1.886125304736196995e-03
1.358206791337579489e-04
5.558254197239875793e-04
5.390238366089761257e-04
1.837541640270501375e-04
2.864529960788786411e-04
1.446052687242627144e-03
1.631818886380642653e-04
3.594176960177719593e-04
4.167443257756531239e-04
1.900616451166570187e-03
8.723876671865582466e-04
1.905076205730438232e-04
6.617053877562284470e-04
1.551855239085853100e-04
1.559226075187325478e-04
6.179264164529740810e-04
2.375221956754103303e-04
1.570808090036734939e-04
1.060014823451638222e-03
1.029475024552084506e-04
3.771593328565359116e-04
1.320379378739744425e-04
2.371997106820344925e-04
2.860678068827837706e-04
2.648854569997638464e-04
9.209963027387857437e-04
1.108100259443745017e-04
2.446869621053338051e-04
2.623945008963346481e-03
9.729801677167415619e-04
2.356894547119736671e-04
1.359640591545030475e-04
5.683114286512136459e-04
1.492483570473268628e-04
2.271768462378531694e-04
2.162827295251190662e-04
1.583004341227933764e-04
4.442002973519265652e-04
1.941511582117527723e-04
9.253888129023835063e-05
1.615211658645421267e-04
4.869249532930552959e-04
1.182132400572299957e-03
7.245236192829906940e-04
9.372379281558096409e-04
2.059593680314719677e-04
3.134840226266533136e-04
2.643869491294026375e-03
3.047399804927408695e-04
3.828083281405270100e-04
1.015356392599642277e-04
1.186799840070307255e-03
5.524061270989477634e-04
2.015506615862250328e-04
1.259817800018936396e-04
1.055971515597775578e-04
1.930857251863926649e-04
2.865545684471726418e-04
8.015232160687446594e-04
1.689005875959992409e-04
1.801548642106354237e-04
1.821879704948514700e-04
1.352514518657699227e-04
2.701314515434205532e-04
1.838920870795845985e-04
8.752701687626540661e-04
1.456059282645583153e-03
1.692085352260619402e-04
2.847905852831900120e-04
1.526487176306545734e-04
1.613833883311599493e-04
2.634479315020143986e-04
1.242525613633915782e-04
1.665234216488897800e-03
1.347387005807831883e-04
1.628421741770580411e-04
1.368194061797112226e-04
1.919801812618970871e-03
2.931290364358574152e-04
1.374326820950955153e-04
1.663741713855415583e-04
5.713438731618225574e-04
1.314183464273810387e-04
1.780546444933861494e-04
6.566623342223465443e-04
2.505935553926974535e-04
3.264035913161933422e-04
1.803971244953572750e-04
3.615195746533572674e-04
1.088684366550296545e-04
1.632688945392146707e-04
3.811148344539105892e-04
4.573700134642422199e-04
1.502690138295292854e-04
2.706488594412803650e-04
3.364450531080365181e-03
1.441210333723574877e-04
4.306709452066570520e-04
2.318406186532229185e-04
5.541218444705009460e-02
2.432449982734397054e-04
3.067837969865649939e-04
6.729517481289803982e-04
1.825598301365971565e-04
1.471452706027776003e-04
2.275560254929587245e-04
3.994616854470223188e-04
1.393131096847355366e-03
6.078698788769543171e-04
1.260232820641249418e-04
2.317758335266262293e-04
9.274043841287493706e-04
4.366510547697544098e-04
2.264685230329632759e-03
1.685374008957296610e-04
2.206813951488584280e-04
1.325321354670450091e-04
1.629911421332508326e-04
1.003370853140950203e-03
3.010496962815523148e-03
2.569528587628155947e-04
1.969458244275301695e-04
3.209257556591182947e-04
1.578208757564425468e-04
1.256154646398499608e-04
2.340007922612130642e-04
1.193940261146053672e-04
2.445857273414731026e-03
1.190858456538990140e-04
4.131114692427217960e-04
1.419212785549461842e-04
1.190192851936444640e-04
2.290231059305369854e-04
2.488305908627808094e-04
3.553702263161540031e-03
2.147523337043821812e-04
5.575375398620963097e-04
9.933050750987604260e-05
3.177965991199016571e-04
5.829159053973853588e-04
8.379120845347642899e-05
1.098441498470492661e-04
2.285453258082270622e-03
4.952800460159778595e-03
1.153666817117482424e-04
3.521709586493670940e-04
3.974450228270143270e-04
1.290838990826159716e-04
6.091661052778363228e-04
1.474961609346792102e-04
3.774480137508362532e-04
2.288859395775943995e-04
4.510873986873775721e-04
2.500679693184792995e-04
1.644891104660928249e-03
1.057717367075383663e-03
3.733067715074867010e-04
8.570710779167711735e-04
8.560563437640666962e-04
3.130399854853749275e-04
1.888337719719856977e-04
3.502945473883301020e-04
1.011676358757540584e-04
2.648801892064511776e-04
1.833916321629658341e-04
2.039259561570361257e-04
2.687574597075581551e-04
2.045504515990614891e-04
1.317096175625920296e-04
2.257754531456157565e-04
1.630423357710242271e-04
1.829760149121284485e-04
1.060042850440368056e-04
1.051111685228534043e-04
1.621259725652635098e-04
1.888768310891464353e-04
2.022341650445014238e-04
1.219241676153615117e-04
1.571246539242565632e-04
1.812004338717088103e-04
1.070397207513451576e-03
1.736124686431139708e-04
2.516269159968942404e-04
3.905917401425540447e-04
9.783612040337175131e-05
1.875246816780418158e-04
1.109010117943398654e-04
3.036737907677888870e-04
1.508984249085187912e-03
2.367361739743500948e-04
2.625326742418110371e-04
2.417116338619962335e-04
1.610727631486952305e-04
2.453928173054009676e-04
6.771744228899478912e-04
7.251660281326621771e-05
2.520360867492854595e-04
9.745190618559718132e-05
2.095708914566785097e-04
1.071616774424910545e-03
1.944357209140434861e-04
1.251857756869867444e-04
7.415543310344219208e-03
2.060203987639397383e-04
3.315572976134717464e-04
2.911685733124613762e-04
1.496743643656373024e-04
1.777063880581408739e-04
2.393651229795068502e-04
3.499148879200220108e-04
2.904902212321758270e-04
3.159276675432920456e-04
3.682285605464130640e-04
1.766840578056871891e-04
1.827244268497452140e-04
3.144603688269853592e-04
9.213632438331842422e-04
1.358476438326761127e-04
1.611448533367365599e-04
3.602570504881441593e-04
1.502364029875025153e-04
4.128972650505602360e-04
1.193398493342101574e-04
2.255197468912228942e-04
4.164767160546034575e-04
6.156921153888106346e-04
2.126211475115269423e-04
9.249102731700986624e-05
1.224235165864229202e-04
3.076751017943024635e-04
1.418180472683161497e-04
1.499714417150244117e-04
9.873461385723203421e-05
1.184732682304456830e-04
4.522900562733411789e-04
9.570172987878322601e-04
2.690133114811033010e-04
8.673444972373545170e-05
2.880646497942507267e-04
1.384946517646312714e-04
4.640738479793071747e-04
3.980699984822422266e-04
5.834094481542706490e-04
1.026117752189747989e-04
3.100500034634023905e-04
1.921640650834888220e-04
1.202840867335908115e-04
1.891346182674169540e-04
9.948683145921677351e-05
1.084445830201730132e-04
2.802085073199123144e-04
2.516385400667786598e-03
5.393441533669829369e-04
7.848747773095965385e-04
1.547410065541043878e-04
1.802520710043609142e-04
1.885718957055360079e-04
2.425130805931985378e-04
9.990008547902107239e-04
1.997906365431845188e-04
1.543318212497979403e-04
1.391027180943638086e-04
4.438380245119333267e-03
8.644153422210365534e-05
1.322418538620695472e-04
1.919447531690821052e-04
1.262631412828341126e-04
1.900375355035066605e-04
2.129825734300538898e-04
1.417977764504030347e-04
1.335347624262794852e-04
2.466232399456202984e-04
1.644809357821941376e-02
1.112179234041832387e-04
1.784654741641134024e-04
1.188866372103802860e-04
2.367947745369747281e-04
2.639360900502651930e-04
2.301054046256467700e-04
1.250312343472614884e-04
1.879685733001679182e-04
2.131237706635147333e-04
1.158048107754439116e-04
2.772552834358066320e-04
7.759999425616115332e-05
1.020068011712282896e-04
2.160735893994569778e-04
7.594432099722325802e-05
1.335930573986843228e-04
1.835351577028632164e-04
8.373585878871381283e-04
1.509330904809758067e-04
1.353091793134808540e-04
1.405939110554754734e-03
3.079444577451795340e-04
1.447865506634116173e-04
3.711645549628883600e-04
2.574224781710654497e-04
3.508967056404799223e-04
8.422076643910259008e-05
2.524532028473913670e-04
1.240452838828787208e-04
2.762084186542779207e-04
2.295709709869697690e-04
7.593340706080198288e-04
2.018864033743739128e-04
1.888138649519532919e-04
2.017077349592000246e-04
9.939682204276323318e-04
2.099291014019399881e-04
1.216427795588970184e-02
2.010243624681606889e-04
2.890113682951778173e-04
7.744787144474685192e-04
1.659060217207297683e-04
1.217920871567912400e-04
2.360182988923043013e-04
2.227569348178803921e-04
8.734434231882914901e-05
9.124894131673499942e-05
3.496671561151742935e-04
9.030366782099008560e-04
2.298305043950676918e-04
1.439019688405096531e-04
1.152070253738202155e-04
2.083664585370570421e-04
3.790706687141209841e-04
1.613594649825245142e-04
1.070315192919224501e-04
1.012680149869993329e-04
4.500813374761492014e-04
9.528701775707304478e-05
4.339151782914996147e-04
2.353367599425837398e-04
1.951533486135303974e-04
8.546419558115303516e-04
1.151387987192720175e-04
1.640107948333024979e-04
8.924672874854877591e-05
1.713317615212872624e-04
2.587492344900965691e-03
3.697884967550635338e-04
1.532039023004472256e-04
2.028027549386024475e-03
2.113610535161569715e-04
1.474974269513040781e-04
1.890865241875872016e-04
1.016060487017966807e-04
9.354106441605836153e-05
2.725709928199648857e-04
6.209487910382449627e-04
3.409196506254374981e-04
1.235178206115961075e-04
1.559204829391092062e-04
1.213031355291604996e-04
8.767221879679709673e-05
1.279514981433749199e-04
5.453287158161401749e-04
6.608168128877878189e-03
1.816281862556934357e-02
3.925792116206139326e-04
6.187165272422134876e-04
1.559548254590481520e-04
7.567338616354390979e-05
3.534970455802977085e-04
1.104155162465758622e-04
7.873694994486868382e-05
1.203675201395526528e-04
6.444474274758249521e-05
1.061904695234261453e-04
8.943668944993987679e-05
1.200150509248487651e-04
7.923758239485323429e-04
1.811952679418027401e-04
8.974746015155687928e-05
9.019640856422483921e-05
2.216940047219395638e-04
1.977703213924542069e-04
1.320745504926890135e-04
2.819247602019459009e-04
9.577760647516697645e-05
3.024640318471938372e-04
1.728757924865931273e-04
1.148363589891232550e-04
1.835297734942287207e-04
1.570174790685996413e-04
4.024128720629960299e-04
8.001227979548275471e-05
1.890381390694528818e-04
1.192068957607261837e-04
6.088576046749949455e-04
1.947696728166192770e-04
7.281318539753556252e-05
2.701117773540318012e-04
1.140669701271690428e-04
2.020222891587764025e-04
1.292877423111349344e-04
2.192737534642219543e-03
4.954285686835646629e-04
1.641222334001213312e-04
8.695035648997873068e-05
8.338386396644636989e-05
1.407689996995031834e-04
8.013731712708249688e-05
1.349609374301508069e-04
2.396320633124560118e-04
3.819970006588846445e-04
1.390295801684260368e-04
5.627888604067265987e-04
1.446957758162170649e-04
1.358259614789858460e-04
5.430080927908420563e-04
1.330671715550124645e-03
5.357197369448840618e-04
5.439424057840369642e-05
1.395407889503985643e-04
2.839887514710426331e-03
8.108353358693420887e-05
1.016428868751972914e-04
2.238936431240290403e-04
2.246004296466708183e-04
8.740082557778805494e-05
6.389133341144770384e-05
6.968083907850086689e-04
1.567004364915192127e-04
1.471469295211136341e-04
9.281048551201820374e-05
1.273400266654789448e-04
1.266959443455561996e-04
1.469510898459702730e-04
1.273724774364382029e-04
2.165112528018653393e-04
4.790923558175563812e-04
1.326388010056689382e-04
8.454875205643475056e-05
1.090116202249191701e-04
2.301672648172825575e-04
1.545459963381290436e-04
1.240076962858438492e-03
4.994968767277896404e-04
7.375130080617964268e-04
1.797741279006004333e-04
4.897054168395698071e-04
2.319827908650040627e-04
1.915768953040242195e-04
8.250979590229690075e-05
1.108499855035915971e-04
9.059486910700798035e-05
1.485320099163800478e-04
1.516816846560686827e-04
1.471809227950870991e-04
1.681082649156451225e-04
9.997605957323685288e-05
8.533954678568989038e-05
9.610464912839233875e-04
1.420676999259740114e-04
2.194517146563157439e-04
8.412131137447431684e-05
4.989286535419523716e-04
8.677675214130431414e-05
1.356674620183184743e-04
2.108041953761130571e-04
1.566061546327546239e-04
2.102279104292392731e-04
2.950577763840556145e-04
2.680963661987334490e-04
1.135488128056749701e-04
1.256552350241690874e-04
1.036429166560992599e-04
9.098598093260079622e-05
1.545508566778153181e-04
2.520060807000845671e-04
1.343507901765406132e-04
8.438203076366335154e-05
8.164567407220602036e-04
2.244134666398167610e-04
1.900788338389247656e-04
3.863156598526984453e-04
2.611776348203420639e-03
1.548618893139064312e-04
1.384241040796041489e-04
1.789167581591755152e-04
4.680923011619597673e-04
8.889479067875072360e-05
7.352685497608035803e-05
1.540375233162194490e-04
1.111605743062682450e-04
9.323536505689844489e-05
1.759920269250869751e-04
1.379109162371605635e-04
3.354712098371237516e-04
1.080678557627834380e-04
1.033363660098984838e-04
2.218878827989101410e-03
1.573179906699806452e-04
8.256555156549438834e-05
8.855664054863154888e-05
1.293293607886880636e-04
1.968182914424687624e-04
7.570764864794909954e-05
9.282588143832981586e-05
1.931716979015618563e-04
7.142820686567574739e-05
3.563974169082939625e-04
8.221821917686611414e-05
1.562874240335077047e-04
4.477295733522623777e-04
9.948087972588837147e-05
9.688362479209899902e-05
4.218012909404933453e-04
6.946657231310382485e-05
1.446224632672965527e-04
1.117984138545580208e-04
1.596382935531437397e-04
8.143509330693632364e-05
1.258597330888733268e-04
3.736991202458739281e-04
5.887939187232404947e-05
4.946093540638685226e-04
1.181165425805374980e-04
1.021010029944591224e-04
6.843057926744222641e-04
8.629022340755909681e-05
6.759118696209043264e-05
1.535735791549086571e-04
1.556998176965862513e-04
3.599509946070611477e-04
6.239913636818528175e-04
2.100992132909595966e-04
4.728242056444287300e-04
3.111605765298008919e-04
3.688645083457231522e-04
6.914474070072174072e-04
9.159126057056710124e-05
1.856003073044121265e-04
3.668124554678797722e-04
1.228346372954547405e-04
1.915541215566918254e-04
1.272617519134655595e-04
7.441677735187113285e-05
1.518701028544455767e-04
8.361891377717256546e-05
1.222456630785018206e-04
1.865676022134721279e-04
5.948514080955646932e-05
2.449436578899621964e-04
2.251519035780802369e-04
6.949582893867045641e-05
1.085587893612682819e-03
1.732795790303498507e-04
1.931856386363506317e-04
8.259824244305491447e-05
6.063125329092144966e-04
9.599156328476965427e-05
1.362917246297001839e-04
2.409156004432588816e-04
7.333825487876310945e-05
9.414013038622215390e-05
1.105025876313447952e-04
1.412302954122424126e-03
6.282466929405927658e-04
1.015468151308596134e-04
2.122059377143159509e-04
1.606493897270411253e-04
8.803169475868344307e-05
5.679514724761247635e-04
8.478444942738860846e-05
6.758394010830670595e-05
1.156095895566977561e-04
2.425053389742970467e-04
1.000829724944196641e-04
6.451814551837742329e-04
9.620493801776319742e-05
8.402936509810388088e-05
9.772003977559506893e-05
2.526412717998027802e-04
3.217593766748905182e-04
7.951141742523759604e-05
5.775219688075594604e-05
1.092427919502370059e-04
5.316066090017557144e-04
1.377327833324670792e-03
1.009592087939381599e-04
1.766770437825471163e-04
7.356668356806039810e-05
6.586557719856500626e-05
7.382112380582839251e-05
4.199416725896298885e-04
2.207779325544834137e-04
7.397103036055341363e-05
6.485128687927499413e-05
6.570678669959306717e-05
1.551794412080198526e-04
2.367932174820452929e-04
2.154632820747792721e-04
5.180582229513674974e-05
1.109712975448928773e-04
1.280753058381378651e-04
1.654506049817427993e-04
1.661659625824540854e-04
7.881956844357773662e-05
1.761380408424884081e-04
7.659607217647135258e-05
8.531863568350672722e-05
9.171961573883891106e-05
5.844142287969589233e-04
6.532732513733208179e-04
2.799200301524251699e-04
1.729200012050569057e-04
7.625894795637577772e-05
9.874306851997971535e-05
7.459718472091481090e-05
1.357945002382621169e-04
8.128528861561790109e-05
8.531261119060218334e-05
1.967833668459206820e-04
1.255134411621838808e-04
1.436865859432145953e-04
9.222360677085816860e-05
9.937037975760176778e-05
4.577906656777486205e-05
3.409700875636190176e-04
1.518680946901440620e-04
8.201912714866921306e-05
1.988240255741402507e-04
2.260628243675455451e-04
5.839969162479974329e-05
8.827063720673322678e-05
1.488827401772141457e-04
9.701605449663475156e-05
1.750632363837212324e-04
7.404541247524321079e-05
6.955610297154635191e-05
7.614363858010619879e-05
1.378698507323861122e-04
1.725625188555568457e-04
1.027167381835170090e-04
1.976400963030755520e-04
1.485179673181846738e-04
6.096752622397616506e-05
1.037485926644876599e-04
1.351112732663750648e-03
1.617297530174255371e-04
6.880883302073925734e-05
2.429203595966100693e-04
1.393694401485845447e-04
4.615820944309234619e-05
1.222562568727880716e-04
5.005544517189264297e-04
1.943830284290015697e-04
2.980888821184635162e-03
1.034633824019692838e-04
6.580815534107387066e-05
1.939026697073131800e-04
8.107186295092105865e-05
3.517062286846339703e-04
9.691930608823895454e-05
3.222086525056511164e-04
5.573145608650520444e-05
1.164797722594812512e-04
2.988348132930696011e-04
8.638713916298002005e-05
7.426126830978319049e-05
9.243265230907127261e-05
5.760423664469271898e-05
9.475908882450312376e-05
2.254791761515662074e-04
1.388600649079307914e-04
1.960414228960871696e-04
1.019266928778961301e-04
7.204034045571461320e-05
1.220765698235481977e-04
1.084233299479819834e-04
5.171560405869968235e-05
6.129314715508371592e-05
1.029168488457798958e-04
1.028381157084368169e-04
1.283098536077886820e-04
1.415030419593676925e-04
5.791381699964404106e-04
1.023274380713701248e-04
1.400975452270358801e-04
5.318165858625434339e-05
2.100433193845674396e-04
1.118514046538621187e-04
1.472912728786468506e-03
7.053558510961011052e-05
9.338850941276177764e-05
8.988422632683068514e-05
7.279369310708716512e-05
5.990223507978953421e-05
9.652914595790207386e-04
6.427778134820982814e-05
8.061697008088231087e-05
4.816245345864444971e-04
6.376210512826219201e-05
1.807546941563487053e-04
6.596712046302855015e-05
1.677585823927074671e-04
1.243150909431278706e-04
1.296541886404156685e-04
1.083611859939992428e-04
8.112100476864725351e-05
1.283244200749322772e-04
1.178689562948420644e-04
1.061599105014465749e-04
8.851195161696523428e-05
9.522753680357709527e-05
2.697531017474830151e-04
5.779486673418432474e-05
3.324502031318843365e-04
1.003669967758469284e-04
7.608128362335264683e-05
5.979625711916014552e-05
2.977507538162171841e-04
1.171809417428448796e-04
2.868714509531855583e-04
1.161040272563695908e-04
5.838859942741692066e-05
9.323870472144335508e-05
5.427190335467457771e-04
1.610594481462612748e-04
6.811419734731316566e-05
6.431752990465611219e-05
1.035577079164795578e-04
4.447321407496929169e-04
2.366827538935467601e-04
6.820961425546556711e-05
2.572834491729736328e-04
1.083204988390207291e-04
8.915015496313571930e-05
4.460339550860226154e-04
5.168457573745399714e-05
1.013650544336996973e-04
4.240778798703104258e-05
1.150103402324020863e-03
1.977795618586242199e-04
8.822332893032580614e-05
3.043860197067260742e-04
7.617122901137918234e-05
5.730009797844104469e-05
8.400763181271031499e-05
3.973926650360226631e-04
1.096282940125092864e-04
2.191404200857505202e-04
2.349689893890172243e-04
2.716750896070152521e-04
5.606405829894356430e-05
6.128739914856851101e-05
8.261948096333071589e-05
1.138234656536951661e-04
6.894215766806155443e-05
3.418238775338977575e-04
1.406909868819639087e-04
1.152505574282258749e-04
1.964353432413190603e-04
6.746498984284698963e-04
4.905826426693238318e-05
1.361749455099925399e-04
1.192386407637968659e-04
9.058788418769836426e-05
1.436164311598986387e-04
5.932736530667170882e-05
1.976653002202510834e-04
3.115257131867110729e-04
6.140221375972032547e-05
1.661527494434267282e-04
8.390505536226555705e-05
5.620401134365238249e-05
8.933115168474614620e-05
1.361642207484692335e-04
1.678014959907159209e-04
7.439938781317323446e-05
8.120574057102203369e-05
1.223113358719274402e-04
1.531898597022518516e-04
1.954220642801374197e-04
7.007243111729621887e-04
9.026226325659081340e-05
2.118335978593677282e-04
9.507208596915006638e-05
1.424624788342043757e-04
1.175086072180420160e-04
2.184840268455445766e-04
2.319745835848152637e-04
8.825168333714827895e-05
2.304006193298846483e-04
1.436085440218448639e-04
6.176813622005283833e-05
8.128696936182677746e-05
2.445853315293788910e-04
1.368695666315034032e-04
1.859501644503325224e-04
3.229202993679791689e-04
2.352424344280734658e-04
7.751447265036404133e-05
1.191014016512781382e-04
7.879237818997353315e-05
6.300568202277645469e-05
1.467381080146878958e-04
8.234518463723361492e-05
9.790198237169533968e-05
7.121601083781570196e-05
5.096608219901099801e-05
1.357455475954338908e-04
6.873816892039030790e-05
3.002454759553074837e-04
1.075247419066727161e-04
8.061798871494829655e-05
1.202575658680871129e-04
8.913717465475201607e-05
5.658745794789865613e-05
1.719382125884294510e-04
6.101709004724398255e-05
5.699454050045460463e-05
4.329533112468197942e-05
1.019378309138119221e-03
9.911837696563452482e-05
8.023955160751938820e-05
8.798148337518796325e-05
1.113951730076223612e-04
5.120009154779836535e-05
9.077467984752729535e-05
2.875291975215077400e-04
1.273624366149306297e-04
6.659884820692241192e-05
1.021287462208420038e-04
1.224986917804926634e-04
6.976971053518354893e-05
1.274209644179791212e-04
6.260181544348597527e-05
1.314321852987632155e-04
5.141205110703594983e-05
7.067424303386360407e-05
8.632949902676045895e-05
1.022510114125907421e-04
3.417110419832170010e-04
5.824468826176598668e-05
8.298350439872592688e-05
4.874063961324281991e-05
2.688244276214390993e-04
1.399943284923210740e-04
2.897990401834249496e-03
6.033423123881220818e-04
5.048120394349098206e-02
5.710448749596253037e-05
1.021846110234037042e-04
1.428097311872988939e-04
1.716757979011163116e-04
8.224374323617666960e-05
3.029095940291881561e-03
2.066762826871126890e-04
1.346257049590349197e-04
2.767693367786705494e-04
1.836819574236869812e-04
1.222482242155820131e-04
7.433405698975548148e-05
2.200360468123108149e-04
8.073708158917725086e-05
1.196271623484790325e-04
1.838453899836167693e-04
1.559474330861121416e-04
1.924455864354968071e-04
1.366508076898753643e-04
1.433701545465737581e-04
1.107810821849852800e-04
3.769924805965274572e-04
7.666445162612944841e-05
4.121501115150749683e-04
1.379831373924389482e-04
7.177732913987711072e-05
5.300774937495589256e-04
7.121530361473560333e-04
7.992225437192246318e-05
1.711900986265391111e-04
2.500897971913218498e-04
6.296335050137713552e-05
2.179919101763516665e-04
8.671790419612079859e-05
2.486914745531976223e-04
7.167189323808997869e-05
1.289727224502712488e-04
2.790882717818021774e-04
9.417271940037608147e-05
9.715399937704205513e-05
1.901693467516452074e-04
3.089029924012720585e-04
9.167121606878936291e-05
1.660225825617089868e-04
7.527181878685951233e-05
8.736079325899481773e-05
2.452311455272138119e-04
1.267995830858126283e-04
1.770635280990973115e-04
2.989635977428406477e-04
3.072914551012217999e-04
1.723486784612759948e-04
9.707448771223425865e-04
1.165490684797987342e-04
2.578769053798168898e-04
8.814983884803950787e-04
1.486428081989288330e-04
8.593037637183442712e-05
7.556088530691340566e-05
1.157748920377343893e-04
9.310837776865810156e-05
9.833691001404076815e-05
2.294919540872797370e-04
2.772487932816147804e-04
1.572181936353445053e-04
8.440934470854699612e-05
7.944942626636475325e-05
1.335123815806582570e-04
8.858143701218068600e-05
6.930083327461034060e-05
7.878803444327786565e-05
1.120115775847807527e-04
1.332360203377902508e-03
1.910130959004163742e-04
9.824118023971095681e-05
6.224919343367218971e-05
6.985007348703220487e-05
4.462460055947303772e-04
6.556002335855737329e-05
1.117771025747060776e-04
7.252612267620861530e-04
1.395722210872918367e-04
1.216846867464482784e-04
6.607038085348904133e-05
1.385956275044009089e-04
7.563947001472115517e-04
1.485828834120184183e-04
4.245625459589064121e-04
7.417050073854625225e-05
1.675708772381767631e-04
1.183315413072705269e-03
3.321017138659954071e-04
9.434650564799085259e-05
5.598083225777372718e-05
3.652486484497785568e-04
7.913970330264419317e-05
5.698387030861340463e-05
1.191107730846852064e-04
1.454071607440710068e-04
2.651293179951608181e-04
1.501966908108443022e-04
1.539796590805053711e-03
8.718519529793411493e-05
1.505766413174569607e-03
1.479650090914219618e-04
7.236904639285057783e-05
1.586116850376129150e-04
1.058515277691185474e-03
1.737232232699170709e-04
8.854229236021637917e-05
2.066808810923248529e-04
8.925468864617869258e-05
1.322565658483654261e-04
1.216888558701612055e-04
2.521837595850229263e-04
6.229060818441212177e-05
4.348283982835710049e-05
1.082520029740408063e-04
3.236034826841205359e-04
1.081674781744368374e-04
1.820427423808723688e-04
9.279734513256698847e-05
1.985502894967794418e-04
5.872049223398789763e-05
1.423041831003502011e-04
8.918379899114370346e-05
1.961656671483069658e-04
5.027973384130746126e-05
5.572682130150496960e-04
1.995984930545091629e-04
6.470739026553928852e-05
8.316991734318435192e-04
2.486194134689867496e-04
6.081741958041675389e-05
1.685934403212741017e-04
1.247860491275787354e-04
8.967518078861758113e-05
1.158816157840192318e-04
6.573549762833863497e-05
5.790850991616025567e-05
5.666067227139137685e-05
1.306579506490379572e-04
4.673077492043375969e-04
6.178298499435186386e-04
5.217075522523373365e-05
1.946654228959232569e-04
1.776298740878701210e-04
1.151933975052088499e-04
1.467922120355069637e-04
1.524756808066740632e-04
1.625878794584423304e-04
1.482652733102440834e-04
8.580904250266030431e-05
1.726647024042904377e-04
6.391938950400799513e-05
6.478831346612423658e-05
1.443322107661515474e-04
1.233353978022933006e-04
7.640307740075513721e-05
8.675783465150743723e-05
6.105302600190043449e-05
1.748758222674950957e-04
3.029546060133725405e-04
7.100909715518355370e-05
1.023898148559965193e-04
9.832229989115148783e-05
7.486817048629745841e-05
9.776554361451417208e-05
9.484986367169767618e-05
2.397231874056160450e-04
5.997093103360384703e-05
1.185188884846866131e-04
1.384567294735461473e-04
5.991653597448021173e-05
7.782232132740318775e-04
7.942852244013920426e-05
5.521633647731505334e-05
1.952160964719951153e-04
1.877183385659009218e-04
9.487681381870061159e-05
4.770385567098855972e-05
5.723118374589830637e-05
1.303787576034665108e-04
1.222851133206859231e-04
5.823770698043517768e-05
6.167290848679840565e-05
5.846611020388081670e-05
2.107074542436748743e-04
3.860269498545676470e-05
3.693081380333751440e-04
6.561588088516145945e-05
6.186835526023060083e-05
1.040928982547484338e-04
6.127430824562907219e-04
1.191447954624891281e-04
5.118543049320578575e-05
7.722867303527891636e-05
7.407454540953040123e-05
2.742023789323866367e-04
9.624571248423308134e-05
8.596909901825711131e-05
8.595346298534423113e-05
8.949289622250944376e-05
1.320807205047458410e-04
1.959221553988754749e-04
8.472982881357893348e-05
1.639365509618073702e-04
2.190055820392444730e-04
2.285467344336211681e-04
5.256108706817030907e-04
1.724639441817998886e-04
6.698824290651828051e-05
1.746455091051757336e-04
2.253775601275265217e-04
5.966363096376881003e-05
5.203144974075257778e-05
8.340762724401429296e-05
4.681020072894170880e-05
4.408740278449840844e-05
1.132006727857515216e-04
6.001261499477550387e-05
8.574309322284534574e-05
1.830104010878130794e-04
1.220400954480282962e-04
5.039874668000265956e-05
3.531497204676270485e-04
1.218745019286870956e-04
1.371440012007951736e-04
5.566786421695724130e-05
2.558712440077215433e-04
6.403309816960245371e-05
1.050463179126381874e-04
5.412647806224413216e-05
5.492139462148770690e-05
6.477345596067607403e-05
8.215918933274224401e-05
5.641224561259150505e-05
2.208447840530425310e-04
2.603924949653446674e-04
8.940659608924761415e-05
4.916699981549754739e-05
3.177068429067730904e-04
1.720958098303526640e-04
2.157425478799268603e-04
2.261388144688680768e-04
1.544579863548278809e-04
7.172846817411482334e-04
2.649845846462994814e-04
1.728474308038130403e-04
1.420328480890020728e-04
4.794466804014518857e-05
5.389327416196465492e-04
7.294648094102740288e-05
4.020421329187229276e-05
2.546422183513641357e-04
1.464696251787245274e-04
6.357976235449314117e-05
5.428230360848829150e-05
9.350373875349760056e-05
2.951647329609841108e-04
8.107766916509717703e-05
9.145552758127450943e-05
1.501845545135438442e-04
1.439580810256302357e-04
6.956041033845394850e-05
1.232464564964175224e-04
2.859517699107527733e-04
8.940041880123317242e-05
1.430191332474350929e-04
6.914592813700437546e-05
4.776717105414718390e-05
6.436136027332395315e-05
5.349945422494783998e-05
1.276284601772204041e-04
1.005122976494021714e-04
9.725980635266751051e-05
4.846994488616473973e-05
3.589097468648105860e-04
6.981738260947167873e-05
3.382707363925874233e-04
5.472179618664085865e-04
4.280430584913119674e-05
1.492115407017990947e-04
1.792484399629756808e-04
6.168095569591969252e-05
5.218323349254205823e-05
4.389661262393929064e-05
5.060675321146845818e-04
7.941912190290167928e-05
1.332612882833927870e-04
1.401147019350901246e-04
2.640554739627987146e-04
1.035275345202535391e-04
1.139891101047396660e-04
1.674604718573391438e-04
3.428924537729471922e-05
6.553826096933335066e-05
1.070314756361767650e-04
5.232532566878944635e-05
8.651304233353585005e-05
7.256530807353556156e-05
5.197345308260992169e-05
1.916277542477473617e-04
7.727483171038329601e-05
9.498155122855678201e-05
9.379847324453294277e-05
9.551174298394471407e-05
6.344437133520841599e-05
5.520311970030888915e-05
2.382292004767805338e-04
6.553528510266914964e-05
2.678804448805749416e-04
1.341089227935299277e-04
8.782502845861017704e-05
9.610016422811895609e-05
3.590894630178809166e-05
1.604963908903300762e-04
5.763622903032228351e-05
1.133814657805487514e-04
7.638313400093466043e-05
1.042106596287339926e-04
3.724613634403795004e-05
6.131081318017095327e-05
1.472855947213247418e-04
2.377455966779962182e-04
4.195324727334082127e-04
3.497472789604216814e-05
8.095201337710022926e-05
5.319708361639641225e-05
6.195444439072161913e-05
1.334521657554432750e-04
7.736052793916314840e-05
6.169104017317295074e-05
1.134673584601841867e-04
1.407399540767073631e-04
2.014171768678352237e-04
1.140842650784179568e-04
1.022093347273766994e-04
3.986847877968102694e-04
4.363857442513108253e-05
4.759963485412299633e-05
5.148302807356230915e-05
5.269857865641824901e-05
5.012300243834033608e-05
4.511164297582581639e-05
3.810413181781768799e-05
1.256435498362407088e-04
5.111387145007029176e-05
7.114251638995483518e-05
8.041567343752831221e-05
5.981078720651566982e-04
1.379523309879004955e-04
9.120879985857754946e-05
4.781445386470295489e-05
2.158771385438740253e-04
2.926538581959903240e-04
4.332483877078630030e-05
4.718108539236709476e-05
7.843490311643108726e-05
1.137589570134878159e-04
5.747141767642460763e-05
6.337311060633510351e-05
7.073067536111921072e-05
8.650847303215414286e-05
9.607373795006424189e-05
3.568790998542681336e-05
1.170496252598240972e-04
1.890108687803149223e-04
4.290444849175401032e-05
4.843946589971892536e-05
3.890583684551529586e-05
9.066601342055946589e-05
9.404518641531467438e-05
4.883619112661108375e-05
8.263655763585120440e-05
3.712921170517802238e-05
6.931471580173820257e-05
1.223289000336080790e-04
3.949349411414004862e-05
4.788062869920395315e-05
1.204186919494532049e-04
1.698845007922500372e-04
7.122506212908774614e-05
6.918046710779890418e-05
1.417890598531812429e-04
5.669565871357917786e-05
5.048362800152972341e-05
3.593387737055309117e-05
1.463550870539620519e-04
1.792849361663684249e-04
8.033057383727282286e-05
9.738881635712459683e-05
8.373330347239971161e-04
4.413010537973605096e-05
1.419754698872566223e-04
9.297895303461700678e-05
5.630564555758610368e-05
2.797031775116920471e-04
6.351153569994494319e-05
8.616642444394528866e-04
1.020303025143221021e-04
7.303373422473669052e-05
5.373996827984228730e-05
7.848999812267720699e-04
1.205294538522139192e-04
9.162750939140096307e-05
6.166800449136644602e-05
9.287326247431337833e-05
7.479802297893911600e-05
3.683849936351180077e-04
9.790614421945065260e-05
1.121547174989245832e-04
6.258892972255125642e-05
1.409721589880064130e-04
1.088528006221167743e-04
5.900940232095308602e-05
4.098288627574220300e-05
5.624533878290094435e-05
1.115081104217097163e-04
4.071815055795013905e-05
5.121952926856465638e-05
7.311323133762925863e-05
8.816694025881588459e-05
7.693752413615584373e-04
5.007233266951516271e-05
4.307166454964317381e-05
2.425590995699167252e-03
1.022455981001257896e-04
1.314806519076228142e-03
4.968899884261190891e-04
6.242339441087096930e-05
2.719389449339359999e-04
1.596053043613210320e-04
2.077450772048905492e-04
5.127963377162814140e-04
5.837691423948854208e-05
1.127539726439863443e-04
7.560041849501430988e-04
1.026880927383899689e-03
6.630169082200154662e-05
1.189912727568298578e-04
1.282406010432168841e-04
9.714730549603700638e-05
1.362376788165420294e-04
6.322113040369004011e-05
4.470327985472977161e-05
4.084144529770128429e-05
7.133789767976850271e-05
4.607177470461465418e-05
7.489090785384178162e-05
5.868767038919031620e-05
8.748954860493540764e-05
7.767999341012910008e-05
4.718633135780692101e-05
1.571036991663277149e-04
4.116452182643115520e-04
2.887084265239536762e-04
9.330463944934308529e-05
1.667206524871289730e-04
1.437465252820402384e-04
3.375681262696161866e-05
4.959120269631966949e-05
1.567519793752580881e-04
1.462058717152103782e-04
9.111930557992309332e-05
6.065964407753199339e-05
1.002585777314379811e-04
3.302128607174381614e-05
4.282519512344151735e-05
4.236787935951724648e-05
4.135029666940681636e-05
1.971500751096755266e-04
4.769599036080762744e-05
1.254563831025734544e-04
3.614047454902902246e-05
4.263025039108470082e-05
1.563619589433073997e-04
1.532190944999456406e-04
1.328324433416128159e-04
7.840649050194770098e-05
1.159926032414659858e-04
1.109753793571144342e-04
5.080737537355162203e-05
4.860784974880516529e-05
6.737613148288801312e-05
9.994431457016617060e-05
6.004024180583655834e-05
8.467789302812889218e-05
3.925899363821372390e-05
9.374722139909863472e-05
4.186173828202299774e-05
5.366828554542735219e-05
6.133659189799800515e-05
6.623536319239065051e-05
8.316027233377099037e-04
8.107257599476724863e-05
4.122181417187675834e-05
5.432518810266628861e-05
4.415336297824978828e-05
7.024094520602375269e-05
5.186503403820097446e-05
6.532760744448751211e-05
4.261032154317945242e-05
3.692418977152556181e-05
8.900202374206855893e-05
6.189580017235130072e-05
7.165723945945501328e-04
5.999320273986086249e-05
5.532259820029139519e-05
2.639244194142520428e-04
5.372286977944895625e-05
7.075276516843587160e-05
4.575592902256175876e-05
6.498067523352801800e-05
1.716160040814429522e-04
3.849085624096915126e-05
1.518345088697969913e-04
5.781210347777232528e-05
6.602192297577857971e-05
7.731004006927832961e-05
5.752650758950039744e-05
5.803584645036607981e-05
6.286686402745544910e-05
5.475380748976022005e-05
9.541620966047048569e-05
1.806423242669552565e-04
5.077787864138372242e-05
9.622456127544865012e-05
7.076737529132515192e-05
5.589400825556367636e-05
9.140028851106762886e-05
2.657440782058984041e-04
4.286103649064898491e-05
2.077628741972148418e-04
7.845151412766426802e-05
3.215898686903528869e-05
3.737401493708603084e-05
8.632321259938180447e-05
1.291700464207679033e-04
4.875518789049237967e-05
1.107667922042310238e-04
2.558685955591499805e-04
6.253739411476999521e-05
7.025486411293968558e-05
4.091450682608410716e-05
1.310513907810673118e-04
3.349575126776471734e-05
5.493968637892976403e-05
5.426623829407617450e-05
1.088542412617243826e-04
3.957614171667955816e-05
5.060388866695575416e-05
9.935596608556807041e-05
7.138360524550080299e-05
1.866451057139784098e-04
3.885446494678035378e-05
6.142110796645283699e-04
3.951109101762995124e-05
6.721995305269956589e-05
6.651083094766363502e-05
9.351968765258789062e-05
4.671563510783016682e-05
1.419141335645690560e-04
7.195773650892078876e-05
1.291262451559305191e-04
3.239868965465575457e-05
7.747893687337636948e-05
1.455771562177687883e-04
5.884267011424526572e-05
7.394612475764006376e-05
4.516685439739376307e-04
1.886424433905631304e-04
6.876840780023485422e-05
6.077836951590143144e-05
4.006795643363147974e-05
7.097867637639865279e-05
7.644062861800193787e-05
4.129774606553837657e-05
4.851945850532501936e-04
5.508145113708451390e-05
1.683598756790161133e-02
5.481925836647860706e-05
5.977610999252647161e-05
1.526492560515180230e-04
1.113392936531454325e-04
6.368856702465564013e-05
3.514415584504604340e-05
5.945418524788692594e-05
1.189141185022890568e-04
6.648569251410663128e-05
4.385935972095467150e-05
1.456594036426395178e-04
7.524155080318450928e-05
8.216062997234985232e-05
5.386913107940927148e-05
4.427595195011235774e-05
1.180763647425919771e-04
6.083328480599448085e-05
7.812751573510468006e-05
9.968188533093780279e-05
1.938143686857074499e-04
5.038154631620272994e-05
5.976498505333438516e-05
3.824735176749527454e-05
4.637495294446125627e-05
1.189149261335842311e-04
3.725134592968970537e-05
1.674227387411519885e-04
9.611630230210721493e-05
5.473408964462578297e-05
6.741061224602162838e-05
1.129412194131873548e-04
6.009443677612580359e-05
1.675517123658210039e-04
5.139173663337714970e-05
3.223192834411747754e-05
7.996508793439716101e-05
2.028139570029452443e-04
8.009065641090273857e-05
1.266659528482705355e-04
5.027858060202561319e-05
5.110329948365688324e-05
8.789876301307231188e-05
1.564481062814593315e-04
3.439850115682929754e-05
1.234908268088474870e-04
1.297596463700756431e-04
9.740616951603442430e-05
4.653012729249894619e-05
1.084528048522770405e-04
4.785245619132183492e-05
5.431119643617421389e-05
7.757655112072825432e-05
8.162006270140409470e-05
9.232143929693847895e-05
5.689287791028618813e-04
8.262449991889297962e-04
2.888053495553322136e-05
7.742143498035147786e-05
3.844955790555104613e-05
6.972301343921571970e-05
2.965131352539174259e-05
6.089072849135845900e-05
8.012662874534726143e-05
4.103235914953984320e-05
4.005631490144878626e-05
3.399191336939111352e-05
7.606865256093442440e-05
8.052217162912711501e-05
6.155740993563085794e-05
6.430904613807797432e-05
7.702001312281936407e-05
4.668121982831507921e-05
2.282501081936061382e-04
4.345977504272013903e-05
9.035478433361276984e-05
5.241950566414743662e-05
3.756196019821800292e-05
3.303114499431103468e-05
1.967854477697983384e-04
5.809239883092232049e-05
7.536049815826117992e-05
1.925342949107289314e-04
4.948036075802519917e-05
3.507456494844518602e-05
5.491264164447784424e-05
8.302812057081609964e-05
1.741772721288725734e-04
1.417298335582017899e-04
3.347260644659399986e-05
9.303486149292439222e-05
2.621285966597497463e-04
6.425428728107362986e-05
3.821148857241496444e-05
4.105015614186413586e-05
9.187670366372913122e-05
7.198044477263465524e-05
1.046326215146109462e-04
4.703020385932177305e-05
4.085070395376533270e-05
4.884892041445709765e-05
2.357572811888530850e-04
2.194320222770329565e-05
5.042523844167590141e-05
7.578292570542544127e-05
9.891304944176226854e-05
5.055734436609782279e-05
1.028881379170343280e-04
2.851043245755136013e-04
6.907300848979502916e-05
4.054623423144221306e-05
4.142746183788403869e-05
2.130729553755372763e-04
5.077367677586153150e-05
7.655529771000146866e-05
9.175908053293824196e-05
3.830430068774148822e-05
4.584055568557232618e-05
6.739312084391713142e-05
3.759395622182637453e-05
2.105662715621292591e-04
8.582412556279450655e-05
2.908117130573373288e-05
1.294029789278283715e-04
6.495894049294292927e-04
4.641341729438863695e-05
1.052782827173359692e-04
1.145181013271212578e-04
7.545145490439608693e-05
3.128189928247593343e-05
4.213060310576111078e-05
5.625204357784241438e-05
8.009752491489052773e-05
3.035749832633882761e-04
4.593074554577469826e-04
7.224711589515209198e-05
4.604343848768621683e-05
6.749347812728956342e-05
2.874623351090122014e-05
6.922509055584669113e-05
9.685958502814173698e-05
4.959450598107650876e-05
2.972654692712239921e-05
7.104223186615854502e-05
5.765049354522489011e-05
3.908549115294590592e-05
6.773157656425610185e-05
3.977672895416617393e-05
3.668010322144255042e-05
3.494762495392933488e-05
4.119878576602786779e-05
6.521404429804533720e-05
1.147249713540077209e-04
1.232770737260580063e-04
1.292908564209938049e-04
4.360108141554519534e-05
3.342586205690167844e-05
5.346394755179062486e-05
6.961433246033266187e-05
3.466575799393467605e-05
5.183739995118230581e-05
3.926503995899111032e-05
1.512460003141313791e-04
4.465210440685041249e-05
6.542630580952391028e-05
6.649257557000964880e-05
1.050468272296711802e-04
4.720485958387143910e-05
1.300321309827268124e-04
2.181812014896422625e-04
4.814315616386011243e-05
8.188225910998880863e-05
6.863802555017173290e-04
2.873658959288150072e-04
3.809676127275452018e-05
4.560427260003052652e-05
7.011344132479280233e-05
5.617656643153168261e-05
1.863947836682200432e-04
3.790312621276825666e-05
6.098975427448749542e-05
2.201528404839336872e-04
1.509270805399864912e-04
5.194500408833846450e-05
6.376310193445533514e-05
4.919661296298727393e-05
1.326538040302693844e-04
2.906260313466191292e-03
4.570006422000005841e-05
7.436374435201287270e-04
9.379533003084361553e-05
1.462924847146496177e-04
