6.933713555335998535e-01
6.525198221206665039e-01
1.001496315002441406e+00
6.641684770584106445e-01
6.689617037773132324e-01
6.544653177261352539e-01
6.142664551734924316e-01
6.319689750671386719e-01
6.355310678482055664e-01
5.921732187271118164e-01
6.379529237747192383e-01
6.032361388206481934e-01
4.754720628261566162e-01
5.383272171020507812e-01
4.546585083007812500e-01
6.115908026695251465e-01
3.923347294330596924e-01
2.494653463363647461e-01
4.594801664352416992e-01
3.060769140720367432e-01
5.257809162139892578e-01
3.143191933631896973e-01
2.839040756225585938e-01
5.109686255455017090e-01
3.424594402313232422e-01
3.043128848075866699e-01
3.353476226329803467e-01
4.028710126876831055e-01
3.286900222301483154e-01
3.871203660964965820e-01
4.087623953819274902e-01
2.770088911056518555e-01
3.994105458259582520e-01
4.191989898681640625e-01
6.722146272659301758e-01
2.120742648839950562e-01
4.972523450851440430e-01
2.814699411392211914e-01
3.725247383117675781e-01
3.210277557373046875e-01
2.357560247182846069e-01
3.291209340095520020e-01
2.357831746339797974e-01
4.242932498455047607e-01
5.371683239936828613e-01
3.440467119216918945e-01
5.105000138282775879e-01
3.851407170295715332e-01
3.963882327079772949e-01
1.236174255609512329e-01
2.516784071922302246e-01
1.790362894535064697e-01
2.856595218181610107e-01
4.310466945171356201e-01
2.334945946931838989e-01
1.062824428081512451e-01
4.012401700019836426e-01
2.993172407150268555e-01
2.106020748615264893e-01
2.695152759552001953e-01
9.953097254037857056e-02
2.890229821205139160e-01
2.139461934566497803e-01
3.233923912048339844e-01
3.610875010490417480e-01
1.605322659015655518e-01
4.028036594390869141e-01
2.441896200180053711e-01
1.892752349376678467e-01
1.515549421310424805e-01
2.207850813865661621e-01
9.549668431282043457e-02
3.496547043323516846e-01
3.708274960517883301e-01
3.010586500167846680e-01
3.222590684890747070e-01
3.201541900634765625e-01
1.447837650775909424e-01
2.570692896842956543e-01
6.289895772933959961e-01
2.330399602651596069e-01
3.802784085273742676e-01
2.861407995223999023e-01
2.956796288490295410e-01
4.108191728591918945e-01
3.432321548461914062e-01
3.041430711746215820e-01
5.118722915649414062e-01
3.946756720542907715e-01
2.763382792472839355e-01
2.488833814859390259e-01
3.260802924633026123e-01
2.083779871463775635e-01
3.145937323570251465e-01
2.271455079317092896e-01
2.351945340633392334e-01
1.658873111009597778e-01
3.275004625320434570e-01
2.195625007152557373e-01
1.579257100820541382e-01
3.205858170986175537e-01
4.024086594581604004e-01
1.215120106935501099e-01
4.639930129051208496e-01
2.072843462228775024e-01
7.211329787969589233e-02
2.542599439620971680e-01
1.981237828731536865e-01
1.844088584184646606e-01
2.114354670047760010e-01
2.841423153877258301e-01
3.187621235847473145e-01
1.401176005601882935e-01
2.205757200717926025e-01
1.625885069370269775e-01
3.695819079875946045e-01
2.234760522842407227e-01
2.049497365951538086e-01
1.660262942314147949e-01
1.500788033008575439e-01
1.090628951787948608e-01
6.908258050680160522e-02
7.422620058059692383e-02
3.531804308295249939e-02
2.538104169070720673e-02
3.195424377918243408e-02
7.917870581150054932e-02
9.991037659347057343e-03
6.122210994362831116e-02
7.875318825244903564e-02
4.212706349790096283e-03
3.909226879477500916e-02
4.703197162598371506e-03
2.590960636734962463e-02
4.994608834385871887e-02
2.379953302443027496e-02
4.901070892810821533e-02
9.903674945235252380e-03
2.274246327579021454e-02
7.846175134181976318e-02
3.298047184944152832e-02
3.493920713663101196e-02
1.880636066198348999e-02
7.408324163407087326e-03
4.730524495244026184e-02
2.939365617930889130e-02
6.536985188722610474e-02
6.630531046539545059e-03
1.585321128368377686e-02
3.255845978856086731e-03
2.190157175064086914e-01
5.841360986232757568e-02
3.042935952544212341e-02
2.479833923280239105e-02
1.302084699273109436e-02
6.666921824216842651e-02
4.042772948741912842e-02
5.694074928760528564e-02
1.421613395214080811e-01
1.372379362583160400e-01
1.559769362211227417e-01
1.509160101413726807e-01
8.978855796158313751e-03
3.219467401504516602e-02
1.057031564414501190e-02
2.421703748404979706e-02
5.275657027959823608e-02
2.912094816565513611e-02
7.995433360338211060e-02
4.408135265111923218e-02
4.079489409923553467e-02
2.556105703115463257e-02
6.477160751819610596e-02
1.643214747309684753e-02
2.074227109551429749e-02
1.067469343543052673e-01
4.712440967559814453e-01
2.544844336807727814e-02
4.056597128510475159e-03
1.056774109601974487e-01
6.841134279966354370e-02
3.031366690993309021e-02
7.383265532553195953e-03
7.294944953173398972e-03
6.149600446224212646e-02
3.084148466587066650e-02
4.903449118137359619e-02
1.468869391828775406e-02
1.612157747149467468e-02
1.657991856336593628e-02
2.794209867715835571e-03
1.116375345736742020e-02
2.813119255006313324e-02
2.033822052180767059e-02
1.528813876211643219e-02
1.815756410360336304e-02
6.153866183012723923e-03
2.248661220073699951e-02
5.319328047335147858e-03
7.108828425407409668e-02
5.096407607197761536e-03
2.335191369056701660e-01
2.469339780509471893e-02
1.370106078684329987e-02
1.603515148162841797e-01
8.518387563526630402e-03
1.198818907141685486e-02
4.786016419529914856e-03
9.636761248111724854e-02
4.718412458896636963e-02
1.020938809961080551e-02
4.198705777525901794e-03
6.880393251776695251e-03
7.165266200900077820e-03
1.178397145122289658e-02
2.203363180160522461e-01
3.969880938529968262e-02
3.235297277569770813e-02
8.915234357118606567e-03
1.525260061025619507e-01
9.586339816451072693e-03
2.185815013945102692e-02
2.129524573683738708e-02
6.159480288624763489e-02
4.433008842170238495e-03
4.190186411142349243e-02
1.059822514653205872e-01
1.495726108551025391e-01
4.768818616867065430e-02
2.579103782773017883e-02
3.910792991518974304e-02
4.940810427069664001e-02
4.847132135182619095e-03
7.061269879341125488e-02
1.350482366979122162e-02
5.595985800027847290e-02
1.003416907042264938e-02
3.743404289707541466e-03
1.705704489722847939e-03
9.570503607392311096e-03
4.873900674283504486e-03
1.821535872295498848e-03
1.259600394405424595e-03
7.083046436309814453e-02
1.290101092308759689e-03
4.222530871629714966e-02
5.425047129392623901e-04
2.417666139081120491e-03
7.781497202813625336e-03
1.180489198304712772e-03
1.351080136373639107e-03
6.351179326884448528e-04
1.399870030581951141e-03
3.574516158550977707e-03
5.619280971586704254e-03
7.016062154434621334e-04
6.856818799860775471e-04
6.706148851662874222e-03
1.158186346292495728e-01
2.735254587605595589e-03
2.908854745328426361e-03
1.991473603993654251e-03
2.617985568940639496e-02
2.590747363865375519e-02
5.397510714828968048e-03
1.911408035084605217e-03
7.269182242453098297e-04
5.599476862698793411e-04
1.514361649751663208e-01
1.666008681058883667e-02
1.883810269646346569e-03
1.366643514484167099e-02
2.067412016913294792e-03
2.114361384883522987e-03
8.165184408426284790e-04
2.990547567605972290e-03
1.140999887138605118e-02
5.490888725034892559e-04
6.459460128098726273e-04
1.437032478861510754e-03
5.418597720563411713e-03
1.279032323509454727e-03
2.004043944180011749e-02
2.322540618479251862e-03
7.030353415757417679e-03
2.374275121837854385e-03
1.217535696923732758e-03
1.399901579134166241e-03
2.111291512846946716e-03
4.361717728897929192e-04
2.675290778279304504e-02
2.702262485399842262e-03
1.405339222401380539e-03
5.737007595598697662e-04
1.114160288125276566e-02
1.732960576191544533e-03
8.834837004542350769e-03
1.154539175331592560e-03
4.000427201390266418e-03
5.526688881218433380e-03
1.138132298365235329e-03
6.426243111491203308e-03
3.259492805227637291e-03
7.458431646227836609e-04
6.272973841987550259e-04
5.916598020121455193e-04
4.657602694351226091e-04
4.713708534836769104e-03
9.046562947332859039e-03
3.675152314826846123e-03
4.330873198341578245e-04
1.721841692924499512e-01
1.439071143977344036e-03
6.060660816729068756e-04
4.806775599718093872e-03
1.362368813715875149e-03
1.061755931004881859e-03
6.593968719244003296e-04
2.714699367061257362e-04
1.425180817022919655e-03
4.195451270788908005e-03
1.202614791691303253e-02
2.531343605369329453e-03
1.760062947869300842e-02
1.173761393874883652e-02
3.326384583488106728e-03
6.123964115977287292e-02
8.449891209602355957e-02
4.863258916884660721e-03
1.610248684883117676e-01
1.131371594965457916e-03
1.793772680684924126e-03
1.069719437509775162e-03
5.439700325950980186e-04
2.158761722967028618e-03
6.907732225954532623e-03
4.999012220650911331e-03
1.032304391264915466e-02
5.295723304152488708e-02
1.183466892689466476e-02
6.013372447341680527e-03
1.826091320253908634e-03
4.220567643642425537e-03
1.893404498696327209e-02
1.564086182042956352e-03
1.360199041664600372e-02
5.571983288973569870e-03
2.923337742686271667e-02
7.653059065341949463e-02
9.077823488041758537e-04
3.309335559606552124e-03
1.834419555962085724e-03
6.991920527070760727e-04
5.593869835138320923e-03
8.015647530555725098e-03
2.364039234817028046e-02
2.828358300030231476e-02
1.492237905040383339e-03
2.203170675784349442e-03
4.445408005267381668e-03
2.991044893860816956e-03
4.558090004138648510e-04
8.552293293178081512e-04
1.597430324181914330e-03
4.457534523680806160e-04
2.064763568341732025e-03
2.388911554589867592e-03
3.378870896995067596e-04
1.707727438770234585e-03
7.773765828460454941e-04
3.300623036921024323e-03
1.174362376332283020e-03
1.033048494718968868e-03
1.225512241944670677e-03
6.105534848757088184e-04
1.669809105806052685e-03
1.559349009767174721e-03
3.312828019261360168e-03
5.422316491603851318e-03
2.888059825636446476e-04
1.066595595329999924e-02
1.663217553868889809e-03
2.063777646981179714e-04
2.176909474655985832e-04
5.344168748706579208e-04
5.050367908552289009e-04
6.194395944476127625e-03
1.212226599454879761e-02
1.123035699129104614e-02
1.589057937962934375e-04
1.700083375908434391e-04
2.645313797984272242e-04
4.948142450302839279e-04
1.024632016196846962e-03
1.568206935189664364e-04
4.163284611422568560e-04
1.766720786690711975e-03
4.030067357234656811e-04
2.785672899335622787e-03
4.051380325108766556e-03
1.285920152440667152e-04
8.324261871166527271e-04
3.747575101442635059e-04
2.518973196856677532e-04
1.373882114421576262e-04
1.967747230082750320e-04
1.727929629851132631e-04
3.337063826620578766e-04
2.767872356344014406e-04
1.834417926147580147e-04
3.249360714107751846e-03
4.622994922101497650e-03
1.466552203055471182e-04
2.001942630158737302e-04
2.468224265612661839e-04
4.258939006831496954e-04
7.057528709992766380e-04
7.497139449696987867e-05
3.442848683334887028e-04
1.064457173924893141e-04
2.295661484822630882e-03
1.447540998924523592e-04
4.985227715224027634e-04
2.776235633064061403e-04
2.044102875515818596e-04
1.050464459694921970e-03
1.877700560726225376e-04
1.061093062162399292e-03
1.581970485858619213e-03
1.961745001608505845e-04
3.609003033488988876e-04
1.538832730147987604e-04
8.527679892722517252e-05
1.225160900503396988e-03
9.337790834251791239e-05
2.002734836423769593e-04
6.953814299777150154e-04
1.342141767963767052e-04
1.601219264557585120e-04
3.105281211901456118e-05
2.557389962021261454e-04
1.809328678064048290e-04
7.650796032976359129e-05
3.882657911162823439e-04
1.224253885447978973e-02
2.672079135663807392e-04
4.441960481926798820e-04
2.979094278998672962e-04
8.328213880304247141e-05
1.968699798453599215e-04
3.780701756477355957e-02
4.257764958310872316e-04
2.764153759926557541e-04
4.292018711566925049e-04
4.213083302602171898e-04
2.120628923876211047e-04
8.081454870989546180e-05
3.209798131138086319e-03
1.077893684851005673e-04
4.948608577251434326e-02
2.499464899301528931e-04
1.280577125726267695e-04
1.408558600815013051e-04
1.726422808133065701e-03
1.824891951400786638e-04
1.811818510759621859e-04
4.409237764775753021e-03
1.297207898460328579e-03
1.157782040536403656e-03
6.007179617881774902e-03
7.775737321935594082e-04
1.700835069641470909e-03
2.182788448408246040e-04
1.606106234248727560e-04
9.830459021031856537e-05
1.232272334164008498e-04
4.260229470673948526e-04
4.138013464398682117e-04
9.639539348427206278e-05
2.919460646808147430e-03
1.451263087801635265e-04
1.137299113906919956e-04
2.016248763538897038e-04
2.578683779574930668e-04
2.681163896340876818e-04
9.499840962234884501e-05
4.205379082122817636e-05
1.044833479681983590e-04
4.176341753918677568e-04
3.956686123274266720e-05
1.108455180656164885e-04
1.112615864258259535e-04
1.209926340379752219e-04
4.508043057285249233e-04
1.281529839616268873e-04
6.844811287010088563e-05
5.114861414767801762e-05
1.193843781948089600e-02
1.213180730701424181e-04
1.889735431177541614e-04
2.382310049142688513e-04
6.710698944516479969e-04
5.351451109163463116e-04
2.096968470141291618e-03
1.035796478390693665e-03
2.332555130124092102e-03
1.431955461157485843e-04
3.395045921206474304e-02
6.866976036690175533e-04
1.247433479875326157e-03
3.668712161015719175e-04
3.136151062790304422e-04
2.247776137664914131e-04
1.518576755188405514e-04
1.110118028009310365e-04
7.432397687807679176e-04
1.562609686516225338e-04
1.343953917967155576e-04
1.845462538767606020e-04
9.551374823786318302e-04
9.183502697851508856e-05
5.830897134728729725e-04
1.034306042129173875e-04
5.248779198154807091e-04
2.296385820955038071e-03
7.151758181862533092e-04
8.685020729899406433e-04
1.380198518745601177e-04
1.221212878590449691e-04
6.473530083894729614e-05
2.744837365753483027e-05
6.476461567217484117e-05
3.156060585752129555e-03
8.619308937340974808e-05
2.028652234002947807e-04
9.145021613221615553e-05
6.957619916647672653e-05
1.875884772744029760e-04
9.259869693778455257e-05
4.808417725143954158e-05
2.600329025881364942e-05
2.364579413551837206e-04
1.885306322947144508e-03
1.409674296155571938e-04
7.157634536270052195e-05
9.634573943912982941e-03
5.788602866232395172e-04
4.259238630766049027e-05
6.989517714828252792e-05
1.391120837070047855e-03
1.081459486158564687e-04
4.981000165571458638e-05
5.382101517170667648e-05
7.180954708019271493e-05
2.190946688642725348e-04
5.907666491111740470e-05
4.155515052843838930e-04
8.785690442891791463e-05
7.554736657766625285e-05
8.918814273783937097e-05
1.334785338258370757e-04
1.044728123815730214e-04
7.551170710939913988e-05
2.720475196838378906e-03
1.820456236600875854e-04
3.494831034913659096e-04
2.212641411460936069e-04
6.861122092232108116e-04
1.732083910610526800e-04
1.190971524920314550e-04
3.284246195107698441e-04
4.867591269430704415e-05
2.229937526863068342e-04
3.767001180676743388e-05
1.702642912277951837e-04
3.806112566962838173e-03
5.934953805990517139e-04
1.638322882354259491e-02
2.245193172711879015e-04
3.862251469399780035e-04
1.967120682820677757e-03
1.045946482918225229e-04
2.004653943004086614e-04
2.377647324465215206e-04
1.256565301446244121e-04
2.409792505204677582e-03
7.951121369842439890e-05
5.041420226916670799e-04
3.203079104423522949e-04
2.904905704781413078e-04
1.020059688016772270e-03
5.871754547115415335e-05
7.092460873536765575e-05
1.021640055114403367e-04
3.183788503520190716e-04
1.084363466361537576e-04
2.102038997691124678e-04
6.223868695087730885e-05
7.734058308415114880e-04
2.973193768411874771e-03
1.667775068199262023e-04
8.670032548252493143e-05
1.177222002297639847e-04
7.180349348345771432e-05
1.137533690780401230e-04
3.186672402080148458e-04
3.122297057416290045e-04
1.099243090720847249e-04
7.433107384713366628e-05
1.558280346216633916e-04
3.803021099884063005e-04
8.674121927469968796e-04
1.566052436828613281e-03
1.655151427257806063e-04
1.399210159434005618e-04
4.472938016988337040e-04
9.481262415647506714e-03
4.140452801948413253e-05
3.903236356563866138e-04
6.467897037509828806e-05
6.746243161614984274e-05
8.706494554644450545e-05
1.333541149506345391e-04
1.453935983590781689e-03
1.061677932739257812e-03
1.565298880450427532e-04
2.395769479335285723e-05
6.789766484871506691e-05
2.556293475208804011e-05
5.924787910771556199e-05
1.440787164028733969e-04
7.788790389895439148e-05
2.655063581187278032e-04
3.113720595138147473e-05
2.474536013323813677e-04
1.511509326519444585e-04
4.349180089775472879e-04
1.351229264400899410e-03
4.575182974804192781e-04
1.707454794086515903e-04
7.506633846787735820e-05
2.827675234584603459e-05
3.624986493377946317e-05
1.556313072796911001e-04
9.619398042559623718e-05
2.476300578564405441e-04
1.123510301113128662e-04
8.391681330977007747e-05
1.759219157975167036e-04
7.825583452358841896e-05
3.786711386055685580e-05
2.254129940411075950e-04
1.515879848739132285e-04
9.498808649368584156e-04
1.605130382813513279e-04
1.377820619381964207e-03
1.481242506997659802e-04
7.714967796346172690e-05
1.134912017732858658e-04
6.621366628678515553e-05
1.492893206886947155e-04
1.003524084808304906e-04
1.651175407459959388e-04
1.412954297848045826e-04
8.694217103766277432e-05
7.719262503087520599e-04
9.367900202050805092e-05
1.429229741916060448e-04
4.878632171312347054e-05
4.400005127536132932e-05
9.871470683719962835e-05
7.319242286030203104e-05
7.724493043497204781e-04
3.777719757636077702e-05
3.533830749802291393e-04
3.944319541915319860e-05
4.313768295105546713e-05
2.104797458741813898e-04
1.404592912876978517e-04
7.844218052923679352e-04
1.215597949340008199e-04
2.596883496153168380e-05
6.809501064708456397e-05
3.139656473649665713e-05
1.305973855778574944e-04
3.652795567177236080e-04
9.652287553763017058e-05
5.882880213903263211e-05
1.590025494806468487e-04
8.947942988015711308e-04
1.033634762279689312e-04
5.920197145314887166e-05
9.613072325009852648e-05
5.717374151572585106e-04
2.129078347934409976e-04
5.942777715972624719e-05
1.413094578310847282e-03
1.300801523029804230e-04
1.743908505886793137e-04
1.347198995063081384e-04
2.329420676687732339e-04
4.975924821337684989e-05
6.377440149663016200e-05
7.748990901745855808e-05
3.619368362706154585e-04
1.567073923069983721e-04
3.458108039922080934e-05
3.357472305651754141e-04
1.401504268869757652e-04
1.321751915384083986e-04
6.600518827326595783e-05
7.241623825393617153e-05
6.037249477230943739e-05
3.039521834580227733e-05
8.722547499928623438e-05
2.165130863431841135e-04
8.130826608976349235e-05
2.962808066513389349e-04
1.063088129740208387e-04
3.812887371168471873e-05
4.922997904941439629e-04
5.719716136809438467e-05
3.437288251006975770e-05
1.383028109557926655e-03
3.314939021947793663e-05
1.299027208006009459e-04
1.566404898767359555e-05
2.120896242558956146e-04
1.300163421547040343e-04
5.248340676189400256e-05
5.301489363773725927e-05
1.395657658576965332e-03
4.415640723891556263e-04
1.720353902783244848e-04
4.987850552424788475e-04
1.768771326169371605e-04
7.144849223550409079e-05
3.979909524787217379e-05
3.993656355305574834e-05
1.862891949713230133e-04
1.572201435919851065e-04
3.032236963917966932e-05
2.854281337931752205e-04
2.719654185057152063e-05
8.178180432878434658e-04
7.590151653857901692e-05
7.664286385988816619e-05
4.550340236164629459e-05
1.886396785266697407e-04
1.273182278964668512e-04
1.520910736871883273e-04
1.302264281548559666e-04
5.663737465511076152e-05
2.836921485140919685e-04
3.414610400795936584e-04
2.107053529471158981e-03
1.382440314046107233e-05
4.332762910053133965e-05
1.057160116033628583e-04
1.464014640077948570e-04
2.230400277767330408e-04
5.679881724063307047e-05
7.766586350044235587e-05
1.601123076397925615e-04
5.728470569010823965e-05
1.440655032638460398e-04
3.126159572275355458e-05
1.548903237562626600e-04
7.611115870531648397e-05
5.733904254157096148e-05
3.616746107582002878e-05
4.959398938808590174e-05
4.912012082058936357e-05
2.154459434677846730e-05
1.202024031954351813e-05
1.051134240697138011e-04
2.562494482845067978e-04
1.066132681444287300e-04
2.795620821416378021e-04
9.987376688513904810e-05
1.172893171315081418e-04
1.420940679963678122e-04
3.910945815732702613e-05
1.655317901168018579e-04
7.619801181135699153e-05
8.929229807108640671e-05
1.781239261617884040e-04
4.855723091168329120e-05
8.540415728930383921e-05
2.618650672957301140e-03
7.827698136679828167e-04
2.928455432993359864e-05
1.171912590507417917e-04
6.110380636528134346e-04
2.739427873166278005e-05
1.602551928954198956e-04
4.199309114483185112e-05
5.281687845126725733e-05
1.415307488059625030e-04
4.293328092899173498e-04
9.299190423917025328e-05
9.792462515179067850e-05
6.400534184649586678e-04
9.692509775049984455e-05
4.247752076480537653e-05
2.009717900364194065e-05
2.797943889163434505e-04
1.523450948297977448e-03
1.101265952456742525e-04
3.184012530255131423e-05
9.276560740545392036e-05
3.254400871810503304e-05
5.865336061106063426e-05
3.233106108382344246e-04
5.909976971452124417e-05
1.459421764593571424e-05
2.034686331171542406e-04
4.928829366690479219e-05
5.160784348845481873e-04
2.852523903129622340e-05
1.116814528359100223e-04
2.486422599758952856e-04
4.610985342878848314e-04
1.921678485814481974e-04
9.819701517699286342e-05
3.693736653076484799e-05
1.114578190026804805e-04
8.288993558380752802e-05
1.144324269262142479e-04
7.305919280042871833e-05
1.744367182254791260e-05
7.403984782285988331e-04
9.359134128317236900e-05
2.567462252045515925e-05
3.521276084939017892e-05
1.881386924651451409e-05
7.184633286669850349e-04
6.542699702549725771e-05
5.597378549282439053e-05
4.208699101582169533e-05
3.088827725150622427e-05
6.785144214518368244e-04
3.397115870029665530e-05
1.253737136721611023e-04
3.761582775041460991e-05
3.272361573181115091e-05
8.489058382110670209e-05
2.025761205004528165e-04
1.139807500294409692e-04
1.336984569206833839e-04
1.419149630237370729e-04
2.244619390694424510e-04
8.202006574720144272e-05
2.526995958760380745e-04
6.471142114605754614e-05
5.441447137854993343e-05
2.554525854066014290e-04
2.494257569196633995e-05
1.406249590218067169e-03
2.179928014811594039e-05
4.659294791053980589e-05
5.622798926196992397e-05
2.912990930781234056e-05
9.170436533167958260e-05
9.498831786913797259e-05
7.868152169976383448e-05
4.245210730005055666e-04
2.865557689801789820e-05
4.237030225340276957e-05
1.312022941419854760e-04
3.163993824273347855e-05
4.247316246619448066e-05
2.316796962986700237e-05
1.299568102695047855e-04
7.520816870965063572e-05
8.134738891385495663e-05
1.014494773698970675e-04
8.445099228993058205e-05
9.229451825376600027e-05
1.305910427618073300e-05
3.251681919209659100e-04
1.367771328659728169e-04
1.491195434937253594e-04
7.589296001242473722e-05
7.686577737331390381e-05
5.314580630511045456e-04
2.037170997937209904e-05
2.317526377737522125e-05
1.223830186063423753e-04
3.443822060944512486e-05
2.018216036958619952e-05
3.294990165159106255e-05
1.099107175832614303e-04
2.081508137052878737e-05
1.831631743698380888e-05
3.558087919373065233e-04
1.009702391456812620e-04
1.363102928735315800e-04
2.148436033166944981e-04
1.073495513992384076e-04
2.671416950761340559e-05
3.532613118295557797e-05
9.914417023537680507e-05
1.995135244214907289e-05
3.670487058116123080e-05
2.467427111696451902e-04
1.026602476486004889e-04
9.416964167030528188e-05
4.769421502714976668e-05
3.543989150784909725e-04
4.504741082200780511e-05
6.362440035445615649e-05
3.652057057479396462e-05
1.948417280800640583e-03
1.151810574810951948e-04
1.241715217474848032e-04
2.479219074302818626e-05
3.786563320318236947e-05
1.005807353067211807e-04
4.811223334399983287e-05
1.020917203277349472e-03
3.566519444575533271e-05
3.358065805514343083e-05
3.929783997591584921e-05
1.862663048086687922e-04
3.319401002954691648e-05
6.808397301938384771e-05
8.765994425630196929e-05
3.187139736837707460e-05
4.861219349550083280e-05
2.119529744959436357e-05
3.986333904322236776e-04
1.516539778094738722e-04
2.112665060849394649e-05
4.243902003508992493e-05
1.228877954417839646e-04
2.036634941759984940e-05
1.176862642751075327e-04
3.206445398973301053e-05
5.037476657889783382e-04
3.313467459520325065e-05
1.496690092608332634e-04
1.953000202775001526e-03
2.293447032570838928e-04
1.977391002583317459e-05
2.531517820898443460e-04
2.895307552535086870e-04
6.217984628165140748e-05
6.041044252924621105e-04
7.710316276643425226e-05
1.684966264292597771e-04
4.801568502443842590e-05
2.393233444308862090e-05
4.054012242704629898e-05
9.015810792334377766e-05
1.451485604775371030e-05
1.843075879151001573e-04
6.510550883831456304e-05
7.912174623925238848e-05
2.559855056460946798e-05
3.508834561216644943e-05
4.694218296208418906e-05
4.721552249975502491e-05
5.381653681979514658e-05
6.305708666332066059e-05
4.319588333601132035e-05
1.723996683722361922e-05
2.769865204754751176e-05
1.674273880780674517e-05
1.209827896673232317e-04
4.063290252815932035e-04
1.197764431708492339e-04
7.840796024538576603e-05
1.266034669242799282e-04
4.894193261861801147e-04
5.748388139181770384e-05
9.526038775220513344e-04
5.443816917249932885e-05
8.695049473317340016e-05
2.020160900428891182e-04
9.092628170037642121e-05
2.574535610619932413e-04
4.407507367432117462e-04
2.950593443529214710e-05
9.684297401690855622e-05
5.071069972473196685e-05
1.634704531170427799e-04
1.319405855610966682e-04
2.551372454036027193e-04
3.422492591198533773e-05
3.541406840668059886e-05
4.134793562116101384e-05
2.350320937694050372e-05
2.533240185584872961e-04
4.386673390399664640e-05
3.729731906787492335e-05
4.532616003416478634e-05
6.402783765224739909e-05
3.404161543585360050e-05
2.115088427672162652e-04
2.030674295383505523e-05
1.112809477490372956e-04
1.647430035518482327e-04
7.023505168035626411e-05
1.477065379731357098e-04
6.522738112835213542e-05
2.379482612013816833e-04
8.428744331467896700e-05
3.948250378016382456e-05
2.964493251056410372e-05
2.626191126182675362e-04
1.725226175040006638e-04
2.605617046356201172e-04
1.005141384666785598e-04
4.095991607755422592e-05
4.920336141367442906e-05
6.605852104257792234e-05
1.596056245034560561e-05
6.134829163784161210e-05
8.056413935264572501e-05
2.066871820716187358e-05
7.865559018682688475e-05
1.052119696396403015e-04
1.025012097670696676e-04
3.783997817663475871e-05
4.128396540181711316e-05
3.854783426504582167e-05
4.566191928461194038e-04
7.966383418533951044e-05
7.480497151846066117e-05
2.595683508843649179e-05
2.391870293649844825e-05
4.638853715732693672e-05
3.814706724369898438e-05
9.061313467100262642e-04
1.054825843311846256e-04
1.010438718367367983e-04
1.747147180140018463e-04
3.626209218055009842e-05
2.418449148535728455e-04
1.984083428396843374e-05
4.046731191920116544e-05
9.675513865659013391e-05
6.399642006726935506e-05
2.177197166020050645e-05
1.700822176644578576e-04
3.193672746419906616e-04
3.033560642506927252e-04
3.711883618962019682e-05
7.113983156159520149e-05
2.455408393871039152e-04
7.785717025399208069e-05
8.947961614467203617e-04
2.654915442690253258e-05
9.717578359413892031e-05
3.167708564433269203e-05
2.368419518461450934e-05
2.152222878066822886e-04
2.627276444400195032e-05
4.183383862255141139e-05
6.014720420353114605e-04
1.259949749510269612e-05
3.074614505749195814e-05
1.553243237140122801e-05
6.898533320054411888e-04
7.353480032179504633e-05
3.494276825222186744e-05
6.044145266059786081e-05
2.011557342484593391e-03
2.036954683717340231e-04
5.226546636549755931e-05
8.543840522179380059e-05
5.967049946775659919e-05
1.242005528183653951e-04
5.158003477845340967e-05
1.271926594199612737e-04
8.667314250487834215e-05
2.251614496344700456e-04
5.229014641372486949e-05
1.861055789049714804e-04
7.302149697352433577e-06
5.789082206320017576e-05
9.386895726493094116e-06
2.660627069417387247e-05
1.171387033537030220e-03
1.217262615682557225e-05
1.215360134665388614e-05
1.320926821790635586e-04
6.591420242330059409e-05
3.853557063848711550e-05
4.098768113180994987e-05
1.253312511835247278e-04
5.904789577471092343e-05
1.614592620171606541e-04
4.714035821962170303e-05
4.428125612321309745e-05
1.384674105793237686e-04
2.488062636984977871e-05
4.154448106419295073e-05
3.022567761945538223e-05
3.381960050319321454e-05
1.363434239465277642e-05
4.611524855135940015e-05
1.692536025075241923e-04
1.541711208119522780e-05
1.443391647626413032e-05
1.045036042341962457e-04
3.148108371533453465e-04
4.225464726914651692e-05
4.981208621757104993e-05
2.452334410918410867e-05
1.862667704699561000e-05
1.204535801662132144e-04
3.668784847832284868e-05
9.258450154447928071e-05
3.048820144613273442e-05
1.817352458601817489e-04
2.898241291404701769e-05
1.961894449777901173e-04
7.689320773351937532e-05
2.021835098275914788e-05
1.846602026489563286e-05
4.555343184620141983e-05
3.568318061297759414e-05
2.384770050412043929e-05
1.910494174808263779e-04
1.959894143510609865e-05
1.834536815294995904e-04
6.663808562734629959e-06
6.732697511324658990e-05
6.865875911898910999e-05
4.615846410160884261e-05
4.540816735243424773e-05
8.492831693729385734e-05
3.523597115417942405e-05
4.289137723390012980e-05
2.264649519929662347e-04
5.470338146551512182e-05
2.517280518077313900e-05
1.702780718915164471e-05
8.236312714871019125e-05
7.619901443831622601e-04
2.264612521685194224e-05
8.151367364916950464e-05
2.556764957262203097e-05
4.084336978849023581e-05
3.043585093109868467e-05
5.431377576314844191e-05
1.855532173067331314e-05
1.617143279872834682e-04
3.731071046786382794e-05
1.529077599116135389e-05
7.935013127280399203e-05
4.565034760162234306e-04
1.411302364431321621e-04
3.407188341952860355e-05
4.734058893518522382e-05
1.524061080999672413e-04
1.057381232385523617e-04
1.068236670107580721e-04
9.248532296624034643e-05
2.908725946326740086e-05
2.526640673750080168e-05
3.995340375695377588e-05
3.231457376386970282e-04
1.736524063744582236e-05
8.517135574948042631e-05
4.433366120792925358e-05
6.091049272072268650e-06
3.376592940185219049e-04
2.537694294005632401e-03
2.463874698150902987e-04
5.558025077334605157e-05
3.520970931276679039e-04
5.791118019260466099e-05
1.443497603759169579e-05
2.063492283923551440e-04
3.066723729716613889e-05
2.283575486217159778e-05
3.959722380386665463e-05
2.918030986620578915e-05
1.419644395355135202e-04
9.874135139398276806e-05
1.074559804692398757e-05
3.754792487598024309e-05
1.717112463666126132e-04
2.901511033996939659e-04
3.156147795380093157e-05
4.738403367809951305e-05
2.944309017038904130e-05
